[2024-09-12T13:29:44.525+0000] {local_task_job_runner.py:120} INFO - ::group::Pre task execution logs
[2024-09-12T13:29:44.556+0000] {taskinstance.py:2076} INFO - Dependencies all met for dep_context=non-requeueable deps ti=<TaskInstance: cryptocurrencies_etl.run_pipeline_task manual__2024-09-12T13:29:41.672082+00:00 [queued]>
[2024-09-12T13:29:44.564+0000] {taskinstance.py:2076} INFO - Dependencies all met for dep_context=requeueable deps ti=<TaskInstance: cryptocurrencies_etl.run_pipeline_task manual__2024-09-12T13:29:41.672082+00:00 [queued]>
[2024-09-12T13:29:44.564+0000] {taskinstance.py:2306} INFO - Starting attempt 1 of 2
[2024-09-12T13:29:44.867+0000] {taskinstance.py:2330} INFO - Executing <Task(PythonOperator): run_pipeline_task> on 2024-09-12 13:29:41.672082+00:00
[2024-09-12T13:29:44.890+0000] {warnings.py:112} WARNING - /home/***/.local/lib/python3.12/site-packages/***/task/task_runner/standard_task_runner.py:61: DeprecationWarning: This process (pid=134) is multi-threaded, use of fork() may lead to deadlocks in the child.
  pid = os.fork()

[2024-09-12T13:29:44.891+0000] {standard_task_runner.py:63} INFO - Started process 136 to run task
[2024-09-12T13:29:44.897+0000] {standard_task_runner.py:90} INFO - Running: ['***', 'tasks', 'run', 'cryptocurrencies_etl', 'run_pipeline_task', 'manual__2024-09-12T13:29:41.672082+00:00', '--job-id', '6', '--raw', '--subdir', 'DAGS_FOLDER/dag_etl.py', '--cfg-path', '/tmp/tmpte8auqaf']
[2024-09-12T13:29:44.910+0000] {standard_task_runner.py:91} INFO - Job 6: Subtask run_pipeline_task
[2024-09-12T13:29:45.005+0000] {task_command.py:426} INFO - Running <TaskInstance: cryptocurrencies_etl.run_pipeline_task manual__2024-09-12T13:29:41.672082+00:00 [running]> on host d37aa32c659b
[2024-09-12T13:29:45.157+0000] {taskinstance.py:2648} INFO - Exporting env vars: AIRFLOW_CTX_DAG_OWNER='***' AIRFLOW_CTX_DAG_ID='cryptocurrencies_etl' AIRFLOW_CTX_TASK_ID='run_pipeline_task' AIRFLOW_CTX_EXECUTION_DATE='2024-09-12T13:29:41.672082+00:00' AIRFLOW_CTX_TRY_NUMBER='1' AIRFLOW_CTX_DAG_RUN_ID='manual__2024-09-12T13:29:41.672082+00:00'
[2024-09-12T13:29:45.159+0000] {taskinstance.py:430} INFO - ::endgroup::
[2024-09-12T13:29:46.015+0000] {warnings.py:112} WARNING - /opt/***/dags/modules/crypto_data.py:37: SettingWithCopyWarning: 
A value is trying to be set on a copy of a slice from a DataFrame.
Try using .loc[row_indexer,col_indexer] = value instead

See the caveats in the documentation: https://pandas.pydata.org/pandas-docs/stable/user_guide/indexing.html#returning-a-view-versus-a-copy
  df['marketcap'] = df['marketcap'].replace([np.inf, -np.inf], np.nan).fillna(0).clip(upper=10**8).astype('int64')

[2024-09-12T13:29:46.017+0000] {warnings.py:112} WARNING - /opt/***/dags/modules/crypto_data.py:38: SettingWithCopyWarning: 
A value is trying to be set on a copy of a slice from a DataFrame.
Try using .loc[row_indexer,col_indexer] = value instead

See the caveats in the documentation: https://pandas.pydata.org/pandas-docs/stable/user_guide/indexing.html#returning-a-view-versus-a-copy
  df['volume_24'] = df['volume_24'].replace([np.inf, -np.inf], np.nan).fillna(0).clip(upper=10**8).astype('int64')

[2024-09-12T13:29:46.017+0000] {logging_mixin.py:188} INFO - La Api me extrae un total de filas de: 5000
[2024-09-12T13:29:46.028+0000] {logging_mixin.py:188} INFO -      id         name symbol  marketcap         price  volume_24
0     1      Bitcoin    BTC          0  57707.967735  100000000
1  1027     Ethereum    ETH          0   2343.638934  100000000
2   825  Tether USDt   USDT          0      0.999877  100000000
3  1839          BNB    BNB          0    543.776497  100000000
4  5426       Solana    SOL          0    134.627606  100000000
[2024-09-12T13:29:46.038+0000] {python.py:237} INFO - Done. Returned value was:          id                      name  ...         price  volume_24
0         1                   Bitcoin  ...  57707.967735  100000000
1      1027                  Ethereum  ...   2343.638934  100000000
2       825               Tether USDt  ...      0.999877  100000000
3      1839                       BNB  ...    543.776497  100000000
4      5426                    Solana  ...    134.627606  100000000
...     ...                       ...  ...           ...        ...
1995  16913  Millonarios FC Fan Token  ...      0.073969          0
1996   9962                  STARSHIP  ...      0.022153       2457
1997  24728            Magical Blocks  ...      0.003589       2938
1998  15744                     Prism  ...      0.000716        176
1999  19623           Wombat Exchange  ...      0.006969     312284

[2000 rows x 6 columns]
[2024-09-12T13:29:46.064+0000] {taskinstance.py:441} INFO - ::group::Post task execution logs
[2024-09-12T13:29:46.124+0000] {taskinstance.py:1206} INFO - Marking task as SUCCESS. dag_id=cryptocurrencies_etl, task_id=run_pipeline_task, run_id=manual__2024-09-12T13:29:41.672082+00:00, execution_date=20240912T132941, start_date=20240912T132944, end_date=20240912T132946
[2024-09-12T13:29:46.173+0000] {local_task_job_runner.py:240} INFO - Task exited with return code 0
[2024-09-12T13:29:46.182+0000] {local_task_job_runner.py:222} INFO - ::endgroup::
