[2024-09-11T12:27:58.879+0000] {local_task_job_runner.py:120} INFO - ::group::Pre task execution logs
[2024-09-11T12:27:58.914+0000] {taskinstance.py:2076} INFO - Dependencies all met for dep_context=non-requeueable deps ti=<TaskInstance: cryptocurrencies_etl.run_pipeline_task manual__2024-09-11T12:27:56.185295+00:00 [queued]>
[2024-09-11T12:27:58.935+0000] {taskinstance.py:2076} INFO - Dependencies all met for dep_context=requeueable deps ti=<TaskInstance: cryptocurrencies_etl.run_pipeline_task manual__2024-09-11T12:27:56.185295+00:00 [queued]>
[2024-09-11T12:27:58.935+0000] {taskinstance.py:2306} INFO - Starting attempt 1 of 2
[2024-09-11T12:27:59.327+0000] {taskinstance.py:2330} INFO - Executing <Task(PythonOperator): run_pipeline_task> on 2024-09-11 12:27:56.185295+00:00
[2024-09-11T12:27:59.341+0000] {warnings.py:112} WARNING - /home/***/.local/lib/python3.12/site-packages/***/task/task_runner/standard_task_runner.py:61: DeprecationWarning: This process (pid=65) is multi-threaded, use of fork() may lead to deadlocks in the child.
  pid = os.fork()

[2024-09-11T12:27:59.348+0000] {standard_task_runner.py:63} INFO - Started process 70 to run task
[2024-09-11T12:27:59.350+0000] {standard_task_runner.py:90} INFO - Running: ['***', 'tasks', 'run', 'cryptocurrencies_etl', 'run_pipeline_task', 'manual__2024-09-11T12:27:56.185295+00:00', '--job-id', '12', '--raw', '--subdir', 'DAGS_FOLDER/dag_etl.py', '--cfg-path', '/tmp/tmpk40q0iw_']
[2024-09-11T12:27:59.360+0000] {standard_task_runner.py:91} INFO - Job 12: Subtask run_pipeline_task
[2024-09-11T12:27:59.453+0000] {task_command.py:426} INFO - Running <TaskInstance: cryptocurrencies_etl.run_pipeline_task manual__2024-09-11T12:27:56.185295+00:00 [running]> on host 5d5990a4e51a
[2024-09-11T12:27:59.713+0000] {taskinstance.py:2648} INFO - Exporting env vars: AIRFLOW_CTX_DAG_OWNER='***' AIRFLOW_CTX_DAG_ID='cryptocurrencies_etl' AIRFLOW_CTX_TASK_ID='run_pipeline_task' AIRFLOW_CTX_EXECUTION_DATE='2024-09-11T12:27:56.185295+00:00' AIRFLOW_CTX_TRY_NUMBER='1' AIRFLOW_CTX_DAG_RUN_ID='manual__2024-09-11T12:27:56.185295+00:00'
[2024-09-11T12:27:59.717+0000] {taskinstance.py:430} INFO - ::endgroup::
[2024-09-11T12:28:01.684+0000] {logging_mixin.py:188} INFO - La Api me extrae un total de filas de: 5000
[2024-09-11T12:28:01.692+0000] {logging_mixin.py:188} INFO -      id         name symbol  marketcap         price     volume_24
0     1      Bitcoin    BTC        NaN  56737.568027  3.164799e+10
1  1027     Ethereum    ETH        NaN   2328.643486  1.354006e+10
2   825  Tether USDt   USDT        NaN      1.000282  4.757082e+10
3  1839          BNB    BNB        NaN    516.329591  1.457632e+09
4  5426       Solana    SOL        NaN    132.089682  1.879297e+09
[2024-09-11T12:28:01.697+0000] {python.py:237} INFO - Done. Returned value was:          id              name  symbol     marketcap         price     volume_24
0         1           Bitcoin     BTC           NaN  56737.568027  3.164799e+10
1      1027          Ethereum     ETH           NaN   2328.643486  1.354006e+10
2       825       Tether USDt    USDT           NaN      1.000282  4.757082e+10
3      1839               BNB     BNB           NaN    516.329591  1.457632e+09
4      5426            Solana     SOL           NaN    132.089682  1.879297e+09
...     ...               ...     ...           ...           ...           ...
1995  28748             ZELIX   ZELIX           NaN      0.000062  6.111915e+05
1996  15388             RIZON   ATOLO           NaN      0.000180  1.821322e+02
1997  15744             Prism   PRISM  1.317377e+06      0.000718  1.067636e+02
1998  15447              Lyra    LYRA  4.585294e+04      0.000705  4.774838e+00
1999   6992  Spartan Protocol  SPARTA  4.093512e+05      0.004527  5.360317e+03

[2000 rows x 6 columns]
[2024-09-11T12:28:01.712+0000] {taskinstance.py:441} INFO - ::group::Post task execution logs
[2024-09-11T12:28:01.772+0000] {taskinstance.py:1206} INFO - Marking task as SUCCESS. dag_id=cryptocurrencies_etl, task_id=run_pipeline_task, run_id=manual__2024-09-11T12:27:56.185295+00:00, execution_date=20240911T122756, start_date=20240911T122758, end_date=20240911T122801
[2024-09-11T12:28:01.806+0000] {local_task_job_runner.py:240} INFO - Task exited with return code 0
[2024-09-11T12:28:01.815+0000] {local_task_job_runner.py:222} INFO - ::endgroup::
