[2024-09-12T13:29:50.344+0000] {local_task_job_runner.py:120} INFO - ::group::Pre task execution logs
[2024-09-12T13:29:50.517+0000] {taskinstance.py:2076} INFO - Dependencies all met for dep_context=non-requeueable deps ti=<TaskInstance: cryptocurrencies_etl.send_toRedshift_task manual__2024-09-12T13:29:41.672082+00:00 [queued]>
[2024-09-12T13:29:50.523+0000] {taskinstance.py:2076} INFO - Dependencies all met for dep_context=requeueable deps ti=<TaskInstance: cryptocurrencies_etl.send_toRedshift_task manual__2024-09-12T13:29:41.672082+00:00 [queued]>
[2024-09-12T13:29:50.523+0000] {taskinstance.py:2306} INFO - Starting attempt 1 of 2
[2024-09-12T13:29:50.539+0000] {taskinstance.py:2330} INFO - Executing <Task(PythonOperator): send_toRedshift_task> on 2024-09-12 13:29:41.672082+00:00
[2024-09-12T13:29:50.547+0000] {warnings.py:112} WARNING - /home/***/.local/lib/python3.12/site-packages/***/task/task_runner/standard_task_runner.py:61: DeprecationWarning: This process (pid=142) is multi-threaded, use of fork() may lead to deadlocks in the child.
  pid = os.fork()

[2024-09-12T13:29:50.548+0000] {standard_task_runner.py:63} INFO - Started process 144 to run task
[2024-09-12T13:29:50.548+0000] {standard_task_runner.py:90} INFO - Running: ['***', 'tasks', 'run', 'cryptocurrencies_etl', 'send_toRedshift_task', 'manual__2024-09-12T13:29:41.672082+00:00', '--job-id', '8', '--raw', '--subdir', 'DAGS_FOLDER/dag_etl.py', '--cfg-path', '/tmp/tmp8s5tsm_w']
[2024-09-12T13:29:50.550+0000] {standard_task_runner.py:91} INFO - Job 8: Subtask send_toRedshift_task
[2024-09-12T13:29:50.587+0000] {task_command.py:426} INFO - Running <TaskInstance: cryptocurrencies_etl.send_toRedshift_task manual__2024-09-12T13:29:41.672082+00:00 [running]> on host d37aa32c659b
[2024-09-12T13:29:50.661+0000] {taskinstance.py:2648} INFO - Exporting env vars: AIRFLOW_CTX_DAG_OWNER='***' AIRFLOW_CTX_DAG_ID='cryptocurrencies_etl' AIRFLOW_CTX_TASK_ID='send_toRedshift_task' AIRFLOW_CTX_EXECUTION_DATE='2024-09-12T13:29:41.672082+00:00' AIRFLOW_CTX_TRY_NUMBER='1' AIRFLOW_CTX_DAG_RUN_ID='manual__2024-09-12T13:29:41.672082+00:00'
[2024-09-12T13:29:50.662+0000] {taskinstance.py:430} INFO - ::endgroup::
[2024-09-12T13:29:51.268+0000] {logging_mixin.py:188} INFO - DataFrame types:
[2024-09-12T13:29:51.270+0000] {logging_mixin.py:188} INFO - id             int64
name          object
symbol        object
marketcap      int64
price        float64
volume_24      int64
dtype: object
[2024-09-12T13:29:51.272+0000] {logging_mixin.py:188} INFO - marketcap    100000000
volume_24    100000000
dtype: int64
[2024-09-12T13:29:51.273+0000] {logging_mixin.py:188} INFO - marketcap    0
volume_24    0
dtype: int64
[2024-09-12T13:29:51.567+0000] {logging_mixin.py:188} INFO - Table gianni_ev93_coderhouse.coinmarketcap is ready
[2024-09-12T13:29:51.568+0000] {logging_mixin.py:188} INFO - Insert query:
[2024-09-12T13:29:51.568+0000] {logging_mixin.py:188} INFO - INSERT INTO gianni_ev93_coderhouse.coinmarketcap (name, symbol, marketcap, price, volume_24) VALUES (%s, %s, %s, %s, %s)
