[2024-09-12T12:46:54.462+0000] {local_task_job_runner.py:120} INFO - ::group::Pre task execution logs
[2024-09-12T12:46:54.742+0000] {taskinstance.py:2076} INFO - Dependencies all met for dep_context=non-requeueable deps ti=<TaskInstance: cryptocurrencies_etl.create_table_task scheduled__2024-09-11T00:00:00+00:00 [queued]>
[2024-09-12T12:46:54.753+0000] {taskinstance.py:2076} INFO - Dependencies all met for dep_context=requeueable deps ti=<TaskInstance: cryptocurrencies_etl.create_table_task scheduled__2024-09-11T00:00:00+00:00 [queued]>
[2024-09-12T12:46:54.754+0000] {taskinstance.py:2306} INFO - Starting attempt 1 of 2
[2024-09-12T12:46:54.787+0000] {taskinstance.py:2330} INFO - Executing <Task(PythonOperator): create_table_task> on 2024-09-11 00:00:00+00:00
[2024-09-12T12:46:54.799+0000] {warnings.py:112} WARNING - /home/***/.local/lib/python3.12/site-packages/***/task/task_runner/standard_task_runner.py:61: DeprecationWarning: This process (pid=70) is multi-threaded, use of fork() may lead to deadlocks in the child.
  pid = os.fork()

[2024-09-12T12:46:54.801+0000] {standard_task_runner.py:63} INFO - Started process 72 to run task
[2024-09-12T12:46:54.805+0000] {standard_task_runner.py:90} INFO - Running: ['***', 'tasks', 'run', 'cryptocurrencies_etl', 'create_table_task', 'scheduled__2024-09-11T00:00:00+00:00', '--job-id', '10', '--raw', '--subdir', 'DAGS_FOLDER/dag_etl.py', '--cfg-path', '/tmp/tmp6n4g2lzo']
[2024-09-12T12:46:54.807+0000] {standard_task_runner.py:91} INFO - Job 10: Subtask create_table_task
[2024-09-12T12:46:54.968+0000] {task_command.py:426} INFO - Running <TaskInstance: cryptocurrencies_etl.create_table_task scheduled__2024-09-11T00:00:00+00:00 [running]> on host 292babb3e570
[2024-09-12T12:46:55.273+0000] {taskinstance.py:2648} INFO - Exporting env vars: AIRFLOW_CTX_DAG_OWNER='***' AIRFLOW_CTX_DAG_ID='cryptocurrencies_etl' AIRFLOW_CTX_TASK_ID='create_table_task' AIRFLOW_CTX_EXECUTION_DATE='2024-09-11T00:00:00+00:00' AIRFLOW_CTX_TRY_NUMBER='1' AIRFLOW_CTX_DAG_RUN_ID='scheduled__2024-09-11T00:00:00+00:00'
[2024-09-12T12:46:55.279+0000] {taskinstance.py:430} INFO - ::endgroup::
[2024-09-12T12:46:55.638+0000] {logging_mixin.py:188} INFO - Table gianni_ev93_coderhouse.coinmarketcap is ready
[2024-09-12T12:46:55.639+0000] {python.py:237} INFO - Done. Returned value was: None
[2024-09-12T12:46:55.646+0000] {taskinstance.py:441} INFO - ::group::Post task execution logs
[2024-09-12T12:46:55.705+0000] {taskinstance.py:1206} INFO - Marking task as SUCCESS. dag_id=cryptocurrencies_etl, task_id=create_table_task, run_id=scheduled__2024-09-11T00:00:00+00:00, execution_date=20240911T000000, start_date=20240912T124654, end_date=20240912T124655
[2024-09-12T12:46:55.790+0000] {local_task_job_runner.py:240} INFO - Task exited with return code 0
[2024-09-12T12:46:55.808+0000] {local_task_job_runner.py:222} INFO - ::endgroup::
[2024-09-12T13:26:26.976+0000] {local_task_job_runner.py:120} INFO - ::group::Pre task execution logs
[2024-09-12T13:26:27.160+0000] {taskinstance.py:2076} INFO - Dependencies all met for dep_context=non-requeueable deps ti=<TaskInstance: cryptocurrencies_etl.create_table_task scheduled__2024-09-11T00:00:00+00:00 [queued]>
[2024-09-12T13:26:27.166+0000] {taskinstance.py:2076} INFO - Dependencies all met for dep_context=requeueable deps ti=<TaskInstance: cryptocurrencies_etl.create_table_task scheduled__2024-09-11T00:00:00+00:00 [queued]>
[2024-09-12T13:26:27.166+0000] {taskinstance.py:2306} INFO - Starting attempt 1 of 2
[2024-09-12T13:26:27.197+0000] {taskinstance.py:2330} INFO - Executing <Task(PythonOperator): create_table_task> on 2024-09-11 00:00:00+00:00
[2024-09-12T13:26:27.205+0000] {warnings.py:112} WARNING - /home/***/.local/lib/python3.12/site-packages/***/task/task_runner/standard_task_runner.py:61: DeprecationWarning: This process (pid=83) is multi-threaded, use of fork() may lead to deadlocks in the child.
  pid = os.fork()

[2024-09-12T13:26:27.206+0000] {standard_task_runner.py:63} INFO - Started process 85 to run task
[2024-09-12T13:26:27.207+0000] {standard_task_runner.py:90} INFO - Running: ['***', 'tasks', 'run', 'cryptocurrencies_etl', 'create_table_task', 'scheduled__2024-09-11T00:00:00+00:00', '--job-id', '4', '--raw', '--subdir', 'DAGS_FOLDER/dag_etl.py', '--cfg-path', '/tmp/tmppcoyd7i1']
[2024-09-12T13:26:27.209+0000] {standard_task_runner.py:91} INFO - Job 4: Subtask create_table_task
[2024-09-12T13:26:27.253+0000] {task_command.py:426} INFO - Running <TaskInstance: cryptocurrencies_etl.create_table_task scheduled__2024-09-11T00:00:00+00:00 [running]> on host d37aa32c659b
[2024-09-12T13:26:27.330+0000] {taskinstance.py:2648} INFO - Exporting env vars: AIRFLOW_CTX_DAG_OWNER='***' AIRFLOW_CTX_DAG_ID='cryptocurrencies_etl' AIRFLOW_CTX_TASK_ID='create_table_task' AIRFLOW_CTX_EXECUTION_DATE='2024-09-11T00:00:00+00:00' AIRFLOW_CTX_TRY_NUMBER='1' AIRFLOW_CTX_DAG_RUN_ID='scheduled__2024-09-11T00:00:00+00:00'
[2024-09-12T13:26:27.331+0000] {taskinstance.py:430} INFO - ::endgroup::
[2024-09-12T13:26:27.639+0000] {logging_mixin.py:188} INFO - Table gianni_ev93_coderhouse.coinmarketcap is ready
[2024-09-12T13:26:27.639+0000] {python.py:237} INFO - Done. Returned value was: None
[2024-09-12T13:26:27.640+0000] {taskinstance.py:441} INFO - ::group::Post task execution logs
[2024-09-12T13:26:27.652+0000] {taskinstance.py:1206} INFO - Marking task as SUCCESS. dag_id=cryptocurrencies_etl, task_id=create_table_task, run_id=scheduled__2024-09-11T00:00:00+00:00, execution_date=20240911T000000, start_date=20240912T132627, end_date=20240912T132627
[2024-09-12T13:26:27.702+0000] {local_task_job_runner.py:240} INFO - Task exited with return code 0
[2024-09-12T13:26:27.715+0000] {local_task_job_runner.py:222} INFO - ::endgroup::
[2024-09-12T13:38:33.114+0000] {local_task_job_runner.py:120} INFO - ::group::Pre task execution logs
[2024-09-12T13:38:33.294+0000] {taskinstance.py:2076} INFO - Dependencies all met for dep_context=non-requeueable deps ti=<TaskInstance: cryptocurrencies_etl.create_table_task scheduled__2024-09-11T00:00:00+00:00 [queued]>
[2024-09-12T13:38:33.300+0000] {taskinstance.py:2076} INFO - Dependencies all met for dep_context=requeueable deps ti=<TaskInstance: cryptocurrencies_etl.create_table_task scheduled__2024-09-11T00:00:00+00:00 [queued]>
[2024-09-12T13:38:33.300+0000] {taskinstance.py:2306} INFO - Starting attempt 1 of 2
[2024-09-12T13:38:33.316+0000] {taskinstance.py:2330} INFO - Executing <Task(PythonOperator): create_table_task> on 2024-09-11 00:00:00+00:00
[2024-09-12T13:38:33.330+0000] {warnings.py:112} WARNING - /home/***/.local/lib/python3.12/site-packages/***/task/task_runner/standard_task_runner.py:61: DeprecationWarning: This process (pid=90) is multi-threaded, use of fork() may lead to deadlocks in the child.
  pid = os.fork()

[2024-09-12T13:38:33.332+0000] {standard_task_runner.py:63} INFO - Started process 92 to run task
[2024-09-12T13:38:33.333+0000] {standard_task_runner.py:90} INFO - Running: ['***', 'tasks', 'run', 'cryptocurrencies_etl', 'create_table_task', 'scheduled__2024-09-11T00:00:00+00:00', '--job-id', '4', '--raw', '--subdir', 'DAGS_FOLDER/dag_etl.py', '--cfg-path', '/tmp/tmprn9mqwgb']
[2024-09-12T13:38:33.336+0000] {standard_task_runner.py:91} INFO - Job 4: Subtask create_table_task
[2024-09-12T13:38:33.498+0000] {task_command.py:426} INFO - Running <TaskInstance: cryptocurrencies_etl.create_table_task scheduled__2024-09-11T00:00:00+00:00 [running]> on host da8fbe4d2ac8
[2024-09-12T13:38:33.575+0000] {taskinstance.py:2648} INFO - Exporting env vars: AIRFLOW_CTX_DAG_OWNER='***' AIRFLOW_CTX_DAG_ID='cryptocurrencies_etl' AIRFLOW_CTX_TASK_ID='create_table_task' AIRFLOW_CTX_EXECUTION_DATE='2024-09-11T00:00:00+00:00' AIRFLOW_CTX_TRY_NUMBER='1' AIRFLOW_CTX_DAG_RUN_ID='scheduled__2024-09-11T00:00:00+00:00'
[2024-09-12T13:38:33.577+0000] {taskinstance.py:430} INFO - ::endgroup::
[2024-09-12T13:38:33.914+0000] {logging_mixin.py:188} INFO - Table gianni_ev93_coderhouse.coinmarketcap is ready
[2024-09-12T13:38:33.914+0000] {python.py:237} INFO - Done. Returned value was: None
[2024-09-12T13:38:33.915+0000] {taskinstance.py:441} INFO - ::group::Post task execution logs
[2024-09-12T13:38:33.923+0000] {taskinstance.py:1206} INFO - Marking task as SUCCESS. dag_id=cryptocurrencies_etl, task_id=create_table_task, run_id=scheduled__2024-09-11T00:00:00+00:00, execution_date=20240911T000000, start_date=20240912T133833, end_date=20240912T133833
[2024-09-12T13:38:33.960+0000] {local_task_job_runner.py:240} INFO - Task exited with return code 0
[2024-09-12T13:38:33.968+0000] {local_task_job_runner.py:222} INFO - ::endgroup::
[2024-09-12T13:46:12.716+0000] {local_task_job_runner.py:120} INFO - ::group::Pre task execution logs
[2024-09-12T13:46:12.920+0000] {taskinstance.py:2076} INFO - Dependencies all met for dep_context=non-requeueable deps ti=<TaskInstance: cryptocurrencies_etl.create_table_task scheduled__2024-09-11T00:00:00+00:00 [queued]>
[2024-09-12T13:46:12.926+0000] {taskinstance.py:2076} INFO - Dependencies all met for dep_context=requeueable deps ti=<TaskInstance: cryptocurrencies_etl.create_table_task scheduled__2024-09-11T00:00:00+00:00 [queued]>
[2024-09-12T13:46:12.927+0000] {taskinstance.py:2306} INFO - Starting attempt 1 of 2
[2024-09-12T13:46:12.955+0000] {taskinstance.py:2330} INFO - Executing <Task(PythonOperator): create_table_task> on 2024-09-11 00:00:00+00:00
[2024-09-12T13:46:12.963+0000] {warnings.py:112} WARNING - /home/***/.local/lib/python3.12/site-packages/***/task/task_runner/standard_task_runner.py:61: DeprecationWarning: This process (pid=82) is multi-threaded, use of fork() may lead to deadlocks in the child.
  pid = os.fork()

[2024-09-12T13:46:12.964+0000] {standard_task_runner.py:63} INFO - Started process 84 to run task
[2024-09-12T13:46:12.965+0000] {standard_task_runner.py:90} INFO - Running: ['***', 'tasks', 'run', 'cryptocurrencies_etl', 'create_table_task', 'scheduled__2024-09-11T00:00:00+00:00', '--job-id', '4', '--raw', '--subdir', 'DAGS_FOLDER/dag_etl.py', '--cfg-path', '/tmp/tmpti8fp3qs']
[2024-09-12T13:46:12.966+0000] {standard_task_runner.py:91} INFO - Job 4: Subtask create_table_task
[2024-09-12T13:46:13.009+0000] {task_command.py:426} INFO - Running <TaskInstance: cryptocurrencies_etl.create_table_task scheduled__2024-09-11T00:00:00+00:00 [running]> on host 2e20f8dbd9e9
[2024-09-12T13:46:13.088+0000] {taskinstance.py:2648} INFO - Exporting env vars: AIRFLOW_CTX_DAG_OWNER='***' AIRFLOW_CTX_DAG_ID='cryptocurrencies_etl' AIRFLOW_CTX_TASK_ID='create_table_task' AIRFLOW_CTX_EXECUTION_DATE='2024-09-11T00:00:00+00:00' AIRFLOW_CTX_TRY_NUMBER='1' AIRFLOW_CTX_DAG_RUN_ID='scheduled__2024-09-11T00:00:00+00:00'
[2024-09-12T13:46:13.089+0000] {taskinstance.py:430} INFO - ::endgroup::
[2024-09-12T13:46:13.405+0000] {logging_mixin.py:188} INFO - Table gianni_ev93_coderhouse.coinmarketcap is ready
[2024-09-12T13:46:13.405+0000] {python.py:237} INFO - Done. Returned value was: None
[2024-09-12T13:46:13.406+0000] {taskinstance.py:441} INFO - ::group::Post task execution logs
[2024-09-12T13:46:13.417+0000] {taskinstance.py:1206} INFO - Marking task as SUCCESS. dag_id=cryptocurrencies_etl, task_id=create_table_task, run_id=scheduled__2024-09-11T00:00:00+00:00, execution_date=20240911T000000, start_date=20240912T134612, end_date=20240912T134613
[2024-09-12T13:46:13.459+0000] {local_task_job_runner.py:240} INFO - Task exited with return code 0
[2024-09-12T13:46:13.471+0000] {local_task_job_runner.py:222} INFO - ::endgroup::
[2024-09-12T13:57:14.428+0000] {local_task_job_runner.py:120} INFO - ::group::Pre task execution logs
[2024-09-12T13:57:14.610+0000] {taskinstance.py:2076} INFO - Dependencies all met for dep_context=non-requeueable deps ti=<TaskInstance: cryptocurrencies_etl.create_table_task scheduled__2024-09-11T00:00:00+00:00 [queued]>
[2024-09-12T13:57:14.616+0000] {taskinstance.py:2076} INFO - Dependencies all met for dep_context=requeueable deps ti=<TaskInstance: cryptocurrencies_etl.create_table_task scheduled__2024-09-11T00:00:00+00:00 [queued]>
[2024-09-12T13:57:14.616+0000] {taskinstance.py:2306} INFO - Starting attempt 1 of 2
[2024-09-12T13:57:14.631+0000] {taskinstance.py:2330} INFO - Executing <Task(PythonOperator): create_table_task> on 2024-09-11 00:00:00+00:00
[2024-09-12T13:57:14.639+0000] {warnings.py:112} WARNING - /home/***/.local/lib/python3.12/site-packages/***/task/task_runner/standard_task_runner.py:61: DeprecationWarning: This process (pid=90) is multi-threaded, use of fork() may lead to deadlocks in the child.
  pid = os.fork()

[2024-09-12T13:57:14.640+0000] {standard_task_runner.py:63} INFO - Started process 92 to run task
[2024-09-12T13:57:14.641+0000] {standard_task_runner.py:90} INFO - Running: ['***', 'tasks', 'run', 'cryptocurrencies_etl', 'create_table_task', 'scheduled__2024-09-11T00:00:00+00:00', '--job-id', '4', '--raw', '--subdir', 'DAGS_FOLDER/dag_etl.py', '--cfg-path', '/tmp/tmp8wai5f_8']
[2024-09-12T13:57:14.643+0000] {standard_task_runner.py:91} INFO - Job 4: Subtask create_table_task
[2024-09-12T13:57:14.683+0000] {task_command.py:426} INFO - Running <TaskInstance: cryptocurrencies_etl.create_table_task scheduled__2024-09-11T00:00:00+00:00 [running]> on host ad733c7c677a
[2024-09-12T13:57:14.763+0000] {taskinstance.py:2648} INFO - Exporting env vars: AIRFLOW_CTX_DAG_OWNER='***' AIRFLOW_CTX_DAG_ID='cryptocurrencies_etl' AIRFLOW_CTX_TASK_ID='create_table_task' AIRFLOW_CTX_EXECUTION_DATE='2024-09-11T00:00:00+00:00' AIRFLOW_CTX_TRY_NUMBER='1' AIRFLOW_CTX_DAG_RUN_ID='scheduled__2024-09-11T00:00:00+00:00'
[2024-09-12T13:57:14.764+0000] {taskinstance.py:430} INFO - ::endgroup::
[2024-09-12T13:57:15.036+0000] {logging_mixin.py:188} INFO - Table gianni_ev93_coderhouse.coinmarketcap is ready
[2024-09-12T13:57:15.036+0000] {python.py:237} INFO - Done. Returned value was: None
[2024-09-12T13:57:15.037+0000] {taskinstance.py:441} INFO - ::group::Post task execution logs
[2024-09-12T13:57:15.044+0000] {taskinstance.py:1206} INFO - Marking task as SUCCESS. dag_id=cryptocurrencies_etl, task_id=create_table_task, run_id=scheduled__2024-09-11T00:00:00+00:00, execution_date=20240911T000000, start_date=20240912T135714, end_date=20240912T135715
[2024-09-12T13:57:15.094+0000] {local_task_job_runner.py:240} INFO - Task exited with return code 0
[2024-09-12T13:57:15.103+0000] {local_task_job_runner.py:222} INFO - ::endgroup::
[2024-09-12T14:00:45.398+0000] {local_task_job_runner.py:120} INFO - ::group::Pre task execution logs
[2024-09-12T14:00:45.554+0000] {taskinstance.py:2076} INFO - Dependencies all met for dep_context=non-requeueable deps ti=<TaskInstance: cryptocurrencies_etl.create_table_task scheduled__2024-09-11T00:00:00+00:00 [queued]>
[2024-09-12T14:00:45.561+0000] {taskinstance.py:2076} INFO - Dependencies all met for dep_context=requeueable deps ti=<TaskInstance: cryptocurrencies_etl.create_table_task scheduled__2024-09-11T00:00:00+00:00 [queued]>
[2024-09-12T14:00:45.561+0000] {taskinstance.py:2306} INFO - Starting attempt 1 of 2
[2024-09-12T14:00:45.597+0000] {taskinstance.py:2330} INFO - Executing <Task(PythonOperator): create_table_task> on 2024-09-11 00:00:00+00:00
[2024-09-12T14:00:45.605+0000] {warnings.py:112} WARNING - /home/***/.local/lib/python3.12/site-packages/***/task/task_runner/standard_task_runner.py:61: DeprecationWarning: This process (pid=75) is multi-threaded, use of fork() may lead to deadlocks in the child.
  pid = os.fork()

[2024-09-12T14:00:45.607+0000] {standard_task_runner.py:63} INFO - Started process 77 to run task
[2024-09-12T14:00:45.607+0000] {standard_task_runner.py:90} INFO - Running: ['***', 'tasks', 'run', 'cryptocurrencies_etl', 'create_table_task', 'scheduled__2024-09-11T00:00:00+00:00', '--job-id', '4', '--raw', '--subdir', 'DAGS_FOLDER/dag_etl.py', '--cfg-path', '/tmp/tmpsamm83_2']
[2024-09-12T14:00:45.608+0000] {standard_task_runner.py:91} INFO - Job 4: Subtask create_table_task
[2024-09-12T14:00:45.649+0000] {task_command.py:426} INFO - Running <TaskInstance: cryptocurrencies_etl.create_table_task scheduled__2024-09-11T00:00:00+00:00 [running]> on host d8d1ffe4d6d7
[2024-09-12T14:00:45.724+0000] {taskinstance.py:2648} INFO - Exporting env vars: AIRFLOW_CTX_DAG_OWNER='***' AIRFLOW_CTX_DAG_ID='cryptocurrencies_etl' AIRFLOW_CTX_TASK_ID='create_table_task' AIRFLOW_CTX_EXECUTION_DATE='2024-09-11T00:00:00+00:00' AIRFLOW_CTX_TRY_NUMBER='1' AIRFLOW_CTX_DAG_RUN_ID='scheduled__2024-09-11T00:00:00+00:00'
[2024-09-12T14:00:45.725+0000] {taskinstance.py:430} INFO - ::endgroup::
[2024-09-12T14:00:46.019+0000] {logging_mixin.py:188} INFO - Table gianni_ev93_coderhouse.coinmarketcap is ready
[2024-09-12T14:00:46.020+0000] {python.py:237} INFO - Done. Returned value was: None
[2024-09-12T14:00:46.020+0000] {taskinstance.py:441} INFO - ::group::Post task execution logs
[2024-09-12T14:00:46.027+0000] {taskinstance.py:1206} INFO - Marking task as SUCCESS. dag_id=cryptocurrencies_etl, task_id=create_table_task, run_id=scheduled__2024-09-11T00:00:00+00:00, execution_date=20240911T000000, start_date=20240912T140045, end_date=20240912T140046
[2024-09-12T14:00:46.061+0000] {local_task_job_runner.py:240} INFO - Task exited with return code 0
[2024-09-12T14:00:46.069+0000] {local_task_job_runner.py:222} INFO - ::endgroup::
[2024-09-12T14:13:23.939+0000] {local_task_job_runner.py:120} INFO - ::group::Pre task execution logs
[2024-09-12T14:13:24.091+0000] {taskinstance.py:2076} INFO - Dependencies all met for dep_context=non-requeueable deps ti=<TaskInstance: cryptocurrencies_etl.create_table_task scheduled__2024-09-11T00:00:00+00:00 [queued]>
[2024-09-12T14:13:24.098+0000] {taskinstance.py:2076} INFO - Dependencies all met for dep_context=requeueable deps ti=<TaskInstance: cryptocurrencies_etl.create_table_task scheduled__2024-09-11T00:00:00+00:00 [queued]>
[2024-09-12T14:13:24.098+0000] {taskinstance.py:2306} INFO - Starting attempt 1 of 2
[2024-09-12T14:13:24.115+0000] {taskinstance.py:2330} INFO - Executing <Task(PythonOperator): create_table_task> on 2024-09-11 00:00:00+00:00
[2024-09-12T14:13:24.123+0000] {warnings.py:112} WARNING - /home/***/.local/lib/python3.12/site-packages/***/task/task_runner/standard_task_runner.py:61: DeprecationWarning: This process (pid=98) is multi-threaded, use of fork() may lead to deadlocks in the child.
  pid = os.fork()

[2024-09-12T14:13:24.124+0000] {standard_task_runner.py:63} INFO - Started process 100 to run task
[2024-09-12T14:13:24.124+0000] {standard_task_runner.py:90} INFO - Running: ['***', 'tasks', 'run', 'cryptocurrencies_etl', 'create_table_task', 'scheduled__2024-09-11T00:00:00+00:00', '--job-id', '4', '--raw', '--subdir', 'DAGS_FOLDER/dag_etl.py', '--cfg-path', '/tmp/tmpgs6wfsp9']
[2024-09-12T14:13:24.126+0000] {standard_task_runner.py:91} INFO - Job 4: Subtask create_table_task
[2024-09-12T14:13:24.166+0000] {task_command.py:426} INFO - Running <TaskInstance: cryptocurrencies_etl.create_table_task scheduled__2024-09-11T00:00:00+00:00 [running]> on host 72036c5ee786
[2024-09-12T14:13:24.243+0000] {taskinstance.py:2648} INFO - Exporting env vars: AIRFLOW_CTX_DAG_OWNER='***' AIRFLOW_CTX_DAG_ID='cryptocurrencies_etl' AIRFLOW_CTX_TASK_ID='create_table_task' AIRFLOW_CTX_EXECUTION_DATE='2024-09-11T00:00:00+00:00' AIRFLOW_CTX_TRY_NUMBER='1' AIRFLOW_CTX_DAG_RUN_ID='scheduled__2024-09-11T00:00:00+00:00'
[2024-09-12T14:13:24.244+0000] {taskinstance.py:430} INFO - ::endgroup::
[2024-09-12T14:13:24.541+0000] {logging_mixin.py:188} INFO - Table gianni_ev93_coderhouse.coinmarketcap is ready
[2024-09-12T14:13:24.542+0000] {python.py:237} INFO - Done. Returned value was: None
[2024-09-12T14:13:24.542+0000] {taskinstance.py:441} INFO - ::group::Post task execution logs
[2024-09-12T14:13:24.550+0000] {taskinstance.py:1206} INFO - Marking task as SUCCESS. dag_id=cryptocurrencies_etl, task_id=create_table_task, run_id=scheduled__2024-09-11T00:00:00+00:00, execution_date=20240911T000000, start_date=20240912T141324, end_date=20240912T141324
[2024-09-12T14:13:24.578+0000] {local_task_job_runner.py:240} INFO - Task exited with return code 0
[2024-09-12T14:13:24.586+0000] {local_task_job_runner.py:222} INFO - ::endgroup::
