[2024-09-11T12:15:01.471+0000] {local_task_job_runner.py:120} INFO - ::group::Pre task execution logs
[2024-09-11T12:15:01.730+0000] {taskinstance.py:2076} INFO - Dependencies all met for dep_context=non-requeueable deps ti=<TaskInstance: cryptocurrencies_etl.create_table_task scheduled__2024-09-10T00:00:00+00:00 [queued]>
[2024-09-11T12:15:01.738+0000] {taskinstance.py:2076} INFO - Dependencies all met for dep_context=requeueable deps ti=<TaskInstance: cryptocurrencies_etl.create_table_task scheduled__2024-09-10T00:00:00+00:00 [queued]>
[2024-09-11T12:15:01.739+0000] {taskinstance.py:2306} INFO - Starting attempt 1 of 2
[2024-09-11T12:15:01.764+0000] {taskinstance.py:2330} INFO - Executing <Task(PythonOperator): create_table_task> on 2024-09-10 00:00:00+00:00
[2024-09-11T12:15:01.774+0000] {warnings.py:112} WARNING - /home/***/.local/lib/python3.12/site-packages/***/task/task_runner/standard_task_runner.py:61: DeprecationWarning: This process (pid=65) is multi-threaded, use of fork() may lead to deadlocks in the child.
  pid = os.fork()

[2024-09-11T12:15:01.776+0000] {standard_task_runner.py:63} INFO - Started process 70 to run task
[2024-09-11T12:15:01.780+0000] {standard_task_runner.py:90} INFO - Running: ['***', 'tasks', 'run', 'cryptocurrencies_etl', 'create_table_task', 'scheduled__2024-09-10T00:00:00+00:00', '--job-id', '17', '--raw', '--subdir', 'DAGS_FOLDER/dag_etl.py', '--cfg-path', '/tmp/tmprak6yd0j']
[2024-09-11T12:15:01.783+0000] {standard_task_runner.py:91} INFO - Job 17: Subtask create_table_task
[2024-09-11T12:15:01.838+0000] {task_command.py:426} INFO - Running <TaskInstance: cryptocurrencies_etl.create_table_task scheduled__2024-09-10T00:00:00+00:00 [running]> on host e90ab63fed78
[2024-09-11T12:15:01.952+0000] {taskinstance.py:2648} INFO - Exporting env vars: AIRFLOW_CTX_DAG_OWNER='***' AIRFLOW_CTX_DAG_ID='cryptocurrencies_etl' AIRFLOW_CTX_TASK_ID='create_table_task' AIRFLOW_CTX_EXECUTION_DATE='2024-09-10T00:00:00+00:00' AIRFLOW_CTX_TRY_NUMBER='1' AIRFLOW_CTX_DAG_RUN_ID='scheduled__2024-09-10T00:00:00+00:00'
[2024-09-11T12:15:01.954+0000] {taskinstance.py:430} INFO - ::endgroup::
[2024-09-11T12:15:02.116+0000] {taskinstance.py:441} INFO - ::group::Post task execution logs
[2024-09-11T12:15:02.117+0000] {taskinstance.py:2905} ERROR - Task failed with exception
Traceback (most recent call last):
  File "/home/airflow/.local/lib/python3.12/site-packages/airflow/models/taskinstance.py", line 465, in _execute_task
    result = _execute_callable(context=context, **execute_callable_kwargs)
             ^^^^^^^^^^^^^^^^^^^^^^^^^^^^^^^^^^^^^^^^^^^^^^^^^^^^^^^^^^^^^
  File "/home/airflow/.local/lib/python3.12/site-packages/airflow/models/taskinstance.py", line 432, in _execute_callable
    return execute_callable(context=context, **execute_callable_kwargs)
           ^^^^^^^^^^^^^^^^^^^^^^^^^^^^^^^^^^^^^^^^^^^^^^^^^^^^^^^^^^^^
  File "/home/airflow/.local/lib/python3.12/site-packages/airflow/models/baseoperator.py", line 401, in wrapper
    return func(self, *args, **kwargs)
           ^^^^^^^^^^^^^^^^^^^^^^^^^^^
  File "/home/airflow/.local/lib/python3.12/site-packages/airflow/operators/python.py", line 235, in execute
    return_value = self.execute_callable()
                   ^^^^^^^^^^^^^^^^^^^^^^^
  File "/home/airflow/.local/lib/python3.12/site-packages/airflow/operators/python.py", line 252, in execute_callable
    return self.python_callable(*self.op_args, **self.op_kwargs)
           ^^^^^^^^^^^^^^^^^^^^^^^^^^^^^^^^^^^^^^^^^^^^^^^^^^^^^
  File "/opt/airflow/dags/modules/toRedshift.py", line 21, in create_table_if_not_exists
    cur.execute(create_table_query)
psycopg2.errors.SyntaxError: syntax error at or near "gianni_ev93_coderhouse"
LINE 2: ...CREATE TABLE IF NOT EXISTS gianni_ev93_coderhouse gianni_ev9...
                                                             ^

[2024-09-11T12:15:02.127+0000] {taskinstance.py:1206} INFO - Marking task as UP_FOR_RETRY. dag_id=cryptocurrencies_etl, task_id=create_table_task, run_id=scheduled__2024-09-10T00:00:00+00:00, execution_date=20240910T000000, start_date=20240911T121501, end_date=20240911T121502
[2024-09-11T12:15:02.142+0000] {standard_task_runner.py:110} ERROR - Failed to execute job 17 for task create_table_task (syntax error at or near "gianni_ev93_coderhouse"
LINE 2: ...CREATE TABLE IF NOT EXISTS gianni_ev93_coderhouse gianni_ev9...
                                                             ^
; 70)
[2024-09-11T12:15:02.190+0000] {local_task_job_runner.py:240} INFO - Task exited with return code 1
[2024-09-11T12:15:02.201+0000] {local_task_job_runner.py:222} INFO - ::endgroup::
[2024-09-11T12:22:53.680+0000] {local_task_job_runner.py:120} INFO - ::group::Pre task execution logs
[2024-09-11T12:22:53.877+0000] {taskinstance.py:2076} INFO - Dependencies all met for dep_context=non-requeueable deps ti=<TaskInstance: cryptocurrencies_etl.create_table_task scheduled__2024-09-10T00:00:00+00:00 [queued]>
[2024-09-11T12:22:53.883+0000] {taskinstance.py:2076} INFO - Dependencies all met for dep_context=requeueable deps ti=<TaskInstance: cryptocurrencies_etl.create_table_task scheduled__2024-09-10T00:00:00+00:00 [queued]>
[2024-09-11T12:22:53.884+0000] {taskinstance.py:2306} INFO - Starting attempt 1 of 2
[2024-09-11T12:22:53.898+0000] {taskinstance.py:2330} INFO - Executing <Task(PythonOperator): create_table_task> on 2024-09-10 00:00:00+00:00
[2024-09-11T12:22:53.910+0000] {standard_task_runner.py:90} INFO - Running: ['***', 'tasks', 'run', 'cryptocurrencies_etl', 'create_table_task', 'scheduled__2024-09-10T00:00:00+00:00', '--job-id', '6', '--raw', '--subdir', 'DAGS_FOLDER/dag_etl.py', '--cfg-path', '/tmp/tmpc_kp7gim']
[2024-09-11T12:22:53.913+0000] {standard_task_runner.py:91} INFO - Job 6: Subtask create_table_task
[2024-09-11T12:22:53.915+0000] {warnings.py:112} WARNING - /home/***/.local/lib/python3.12/site-packages/***/task/task_runner/standard_task_runner.py:61: DeprecationWarning: This process (pid=81) is multi-threaded, use of fork() may lead to deadlocks in the child.
  pid = os.fork()

[2024-09-11T12:22:53.916+0000] {standard_task_runner.py:63} INFO - Started process 84 to run task
[2024-09-11T12:22:53.982+0000] {task_command.py:426} INFO - Running <TaskInstance: cryptocurrencies_etl.create_table_task scheduled__2024-09-10T00:00:00+00:00 [running]> on host 5d5990a4e51a
[2024-09-11T12:22:54.090+0000] {taskinstance.py:2648} INFO - Exporting env vars: AIRFLOW_CTX_DAG_OWNER='***' AIRFLOW_CTX_DAG_ID='cryptocurrencies_etl' AIRFLOW_CTX_TASK_ID='create_table_task' AIRFLOW_CTX_EXECUTION_DATE='2024-09-10T00:00:00+00:00' AIRFLOW_CTX_TRY_NUMBER='1' AIRFLOW_CTX_DAG_RUN_ID='scheduled__2024-09-10T00:00:00+00:00'
[2024-09-11T12:22:54.091+0000] {taskinstance.py:430} INFO - ::endgroup::
[2024-09-11T12:22:54.410+0000] {logging_mixin.py:188} INFO - Table gianni_ev93_coderhouse.coinmarketcap is ready
[2024-09-11T12:22:54.410+0000] {python.py:237} INFO - Done. Returned value was: None
[2024-09-11T12:22:54.411+0000] {taskinstance.py:441} INFO - ::group::Post task execution logs
[2024-09-11T12:22:54.422+0000] {taskinstance.py:1206} INFO - Marking task as SUCCESS. dag_id=cryptocurrencies_etl, task_id=create_table_task, run_id=scheduled__2024-09-10T00:00:00+00:00, execution_date=20240910T000000, start_date=20240911T122253, end_date=20240911T122254
[2024-09-11T12:22:54.456+0000] {local_task_job_runner.py:240} INFO - Task exited with return code 0
[2024-09-11T12:22:54.468+0000] {local_task_job_runner.py:222} INFO - ::endgroup::
[2024-09-11T12:39:16.758+0000] {local_task_job_runner.py:120} INFO - ::group::Pre task execution logs
[2024-09-11T12:39:16.973+0000] {taskinstance.py:2076} INFO - Dependencies all met for dep_context=non-requeueable deps ti=<TaskInstance: cryptocurrencies_etl.create_table_task scheduled__2024-09-10T00:00:00+00:00 [queued]>
[2024-09-11T12:39:16.980+0000] {taskinstance.py:2076} INFO - Dependencies all met for dep_context=requeueable deps ti=<TaskInstance: cryptocurrencies_etl.create_table_task scheduled__2024-09-10T00:00:00+00:00 [queued]>
[2024-09-11T12:39:16.981+0000] {taskinstance.py:2306} INFO - Starting attempt 1 of 2
[2024-09-11T12:39:16.999+0000] {taskinstance.py:2330} INFO - Executing <Task(PythonOperator): create_table_task> on 2024-09-10 00:00:00+00:00
[2024-09-11T12:39:17.010+0000] {warnings.py:112} WARNING - /home/***/.local/lib/python3.12/site-packages/***/task/task_runner/standard_task_runner.py:61: DeprecationWarning: This process (pid=101) is multi-threaded, use of fork() may lead to deadlocks in the child.
  pid = os.fork()

[2024-09-11T12:39:17.012+0000] {standard_task_runner.py:63} INFO - Started process 106 to run task
[2024-09-11T12:39:17.016+0000] {standard_task_runner.py:90} INFO - Running: ['***', 'tasks', 'run', 'cryptocurrencies_etl', 'create_table_task', 'scheduled__2024-09-10T00:00:00+00:00', '--job-id', '6', '--raw', '--subdir', 'DAGS_FOLDER/dag_etl.py', '--cfg-path', '/tmp/tmpz4tlkzpq']
[2024-09-11T12:39:17.018+0000] {standard_task_runner.py:91} INFO - Job 6: Subtask create_table_task
[2024-09-11T12:39:17.077+0000] {task_command.py:426} INFO - Running <TaskInstance: cryptocurrencies_etl.create_table_task scheduled__2024-09-10T00:00:00+00:00 [running]> on host b3f1516421b9
[2024-09-11T12:39:17.176+0000] {taskinstance.py:2648} INFO - Exporting env vars: AIRFLOW_CTX_DAG_OWNER='***' AIRFLOW_CTX_DAG_ID='cryptocurrencies_etl' AIRFLOW_CTX_TASK_ID='create_table_task' AIRFLOW_CTX_EXECUTION_DATE='2024-09-10T00:00:00+00:00' AIRFLOW_CTX_TRY_NUMBER='1' AIRFLOW_CTX_DAG_RUN_ID='scheduled__2024-09-10T00:00:00+00:00'
[2024-09-11T12:39:17.177+0000] {taskinstance.py:430} INFO - ::endgroup::
[2024-09-11T12:39:17.480+0000] {logging_mixin.py:188} INFO - Table gianni_ev93_coderhouse.coinmarketcap is ready
[2024-09-11T12:39:17.480+0000] {python.py:237} INFO - Done. Returned value was: None
[2024-09-11T12:39:17.481+0000] {taskinstance.py:441} INFO - ::group::Post task execution logs
[2024-09-11T12:39:17.491+0000] {taskinstance.py:1206} INFO - Marking task as SUCCESS. dag_id=cryptocurrencies_etl, task_id=create_table_task, run_id=scheduled__2024-09-10T00:00:00+00:00, execution_date=20240910T000000, start_date=20240911T123916, end_date=20240911T123917
[2024-09-11T12:39:17.548+0000] {local_task_job_runner.py:240} INFO - Task exited with return code 0
[2024-09-11T12:39:17.556+0000] {local_task_job_runner.py:222} INFO - ::endgroup::
[2024-09-11T12:55:29.379+0000] {local_task_job_runner.py:120} INFO - ::group::Pre task execution logs
[2024-09-11T12:55:29.590+0000] {taskinstance.py:2076} INFO - Dependencies all met for dep_context=non-requeueable deps ti=<TaskInstance: cryptocurrencies_etl.create_table_task scheduled__2024-09-10T00:00:00+00:00 [queued]>
[2024-09-11T12:55:29.597+0000] {taskinstance.py:2076} INFO - Dependencies all met for dep_context=requeueable deps ti=<TaskInstance: cryptocurrencies_etl.create_table_task scheduled__2024-09-10T00:00:00+00:00 [queued]>
[2024-09-11T12:55:29.597+0000] {taskinstance.py:2306} INFO - Starting attempt 1 of 2
[2024-09-11T12:55:29.619+0000] {taskinstance.py:2330} INFO - Executing <Task(PythonOperator): create_table_task> on 2024-09-10 00:00:00+00:00
[2024-09-11T12:55:29.630+0000] {warnings.py:112} WARNING - /home/***/.local/lib/python3.12/site-packages/***/task/task_runner/standard_task_runner.py:61: DeprecationWarning: This process (pid=80) is multi-threaded, use of fork() may lead to deadlocks in the child.
  pid = os.fork()

[2024-09-11T12:55:29.631+0000] {standard_task_runner.py:63} INFO - Started process 84 to run task
[2024-09-11T12:55:29.635+0000] {standard_task_runner.py:90} INFO - Running: ['***', 'tasks', 'run', 'cryptocurrencies_etl', 'create_table_task', 'scheduled__2024-09-10T00:00:00+00:00', '--job-id', '5', '--raw', '--subdir', 'DAGS_FOLDER/dag_etl.py', '--cfg-path', '/tmp/tmpdvvne5p8']
[2024-09-11T12:55:29.638+0000] {standard_task_runner.py:91} INFO - Job 5: Subtask create_table_task
[2024-09-11T12:55:29.799+0000] {task_command.py:426} INFO - Running <TaskInstance: cryptocurrencies_etl.create_table_task scheduled__2024-09-10T00:00:00+00:00 [running]> on host 45283a8215a9
[2024-09-11T12:55:30.062+0000] {taskinstance.py:2648} INFO - Exporting env vars: AIRFLOW_CTX_DAG_OWNER='***' AIRFLOW_CTX_DAG_ID='cryptocurrencies_etl' AIRFLOW_CTX_TASK_ID='create_table_task' AIRFLOW_CTX_EXECUTION_DATE='2024-09-10T00:00:00+00:00' AIRFLOW_CTX_TRY_NUMBER='1' AIRFLOW_CTX_DAG_RUN_ID='scheduled__2024-09-10T00:00:00+00:00'
[2024-09-11T12:55:30.065+0000] {taskinstance.py:430} INFO - ::endgroup::
[2024-09-11T12:55:30.428+0000] {logging_mixin.py:188} INFO - Table gianni_ev93_coderhouse.coinmarketcap is ready
[2024-09-11T12:55:30.429+0000] {python.py:237} INFO - Done. Returned value was: None
[2024-09-11T12:55:30.429+0000] {taskinstance.py:441} INFO - ::group::Post task execution logs
[2024-09-11T12:55:30.447+0000] {taskinstance.py:1206} INFO - Marking task as SUCCESS. dag_id=cryptocurrencies_etl, task_id=create_table_task, run_id=scheduled__2024-09-10T00:00:00+00:00, execution_date=20240910T000000, start_date=20240911T125529, end_date=20240911T125530
[2024-09-11T12:55:30.482+0000] {local_task_job_runner.py:240} INFO - Task exited with return code 0
[2024-09-11T12:55:30.505+0000] {local_task_job_runner.py:222} INFO - ::endgroup::
[2024-09-11T13:00:46.409+0000] {local_task_job_runner.py:120} INFO - ::group::Pre task execution logs
[2024-09-11T13:00:46.431+0000] {taskinstance.py:2076} INFO - Dependencies all met for dep_context=non-requeueable deps ti=<TaskInstance: cryptocurrencies_etl.create_table_task scheduled__2024-09-10T00:00:00+00:00 [queued]>
[2024-09-11T13:00:46.439+0000] {taskinstance.py:2076} INFO - Dependencies all met for dep_context=requeueable deps ti=<TaskInstance: cryptocurrencies_etl.create_table_task scheduled__2024-09-10T00:00:00+00:00 [queued]>
[2024-09-11T13:00:46.440+0000] {taskinstance.py:2306} INFO - Starting attempt 1 of 2
[2024-09-11T13:00:46.680+0000] {taskinstance.py:2330} INFO - Executing <Task(PythonOperator): create_table_task> on 2024-09-10 00:00:00+00:00
[2024-09-11T13:00:46.688+0000] {warnings.py:112} WARNING - /home/***/.local/lib/python3.12/site-packages/***/task/task_runner/standard_task_runner.py:61: DeprecationWarning: This process (pid=73) is multi-threaded, use of fork() may lead to deadlocks in the child.
  pid = os.fork()

[2024-09-11T13:00:46.689+0000] {standard_task_runner.py:63} INFO - Started process 75 to run task
[2024-09-11T13:00:46.689+0000] {standard_task_runner.py:90} INFO - Running: ['***', 'tasks', 'run', 'cryptocurrencies_etl', 'create_table_task', 'scheduled__2024-09-10T00:00:00+00:00', '--job-id', '4', '--raw', '--subdir', 'DAGS_FOLDER/dag_etl.py', '--cfg-path', '/tmp/tmp1fwofehp']
[2024-09-11T13:00:46.691+0000] {standard_task_runner.py:91} INFO - Job 4: Subtask create_table_task
[2024-09-11T13:00:46.729+0000] {task_command.py:426} INFO - Running <TaskInstance: cryptocurrencies_etl.create_table_task scheduled__2024-09-10T00:00:00+00:00 [running]> on host dca50a843999
[2024-09-11T13:00:46.815+0000] {taskinstance.py:2648} INFO - Exporting env vars: AIRFLOW_CTX_DAG_OWNER='***' AIRFLOW_CTX_DAG_ID='cryptocurrencies_etl' AIRFLOW_CTX_TASK_ID='create_table_task' AIRFLOW_CTX_EXECUTION_DATE='2024-09-10T00:00:00+00:00' AIRFLOW_CTX_TRY_NUMBER='1' AIRFLOW_CTX_DAG_RUN_ID='scheduled__2024-09-10T00:00:00+00:00'
[2024-09-11T13:00:46.816+0000] {taskinstance.py:430} INFO - ::endgroup::
[2024-09-11T13:00:47.108+0000] {logging_mixin.py:188} INFO - Table gianni_ev93_coderhouse.coinmarketcap is ready
[2024-09-11T13:00:47.108+0000] {python.py:237} INFO - Done. Returned value was: None
[2024-09-11T13:00:47.109+0000] {taskinstance.py:441} INFO - ::group::Post task execution logs
[2024-09-11T13:00:47.120+0000] {taskinstance.py:1206} INFO - Marking task as SUCCESS. dag_id=cryptocurrencies_etl, task_id=create_table_task, run_id=scheduled__2024-09-10T00:00:00+00:00, execution_date=20240910T000000, start_date=20240911T130046, end_date=20240911T130047
[2024-09-11T13:00:47.145+0000] {local_task_job_runner.py:240} INFO - Task exited with return code 0
[2024-09-11T13:00:47.153+0000] {local_task_job_runner.py:222} INFO - ::endgroup::
[2024-09-11T13:24:22.712+0000] {local_task_job_runner.py:120} INFO - ::group::Pre task execution logs
[2024-09-11T13:24:22.899+0000] {taskinstance.py:2076} INFO - Dependencies all met for dep_context=non-requeueable deps ti=<TaskInstance: cryptocurrencies_etl.create_table_task scheduled__2024-09-10T00:00:00+00:00 [queued]>
[2024-09-11T13:24:22.905+0000] {taskinstance.py:2076} INFO - Dependencies all met for dep_context=requeueable deps ti=<TaskInstance: cryptocurrencies_etl.create_table_task scheduled__2024-09-10T00:00:00+00:00 [queued]>
[2024-09-11T13:24:22.906+0000] {taskinstance.py:2306} INFO - Starting attempt 1 of 2
[2024-09-11T13:24:22.922+0000] {taskinstance.py:2330} INFO - Executing <Task(PythonOperator): create_table_task> on 2024-09-10 00:00:00+00:00
[2024-09-11T13:24:22.930+0000] {warnings.py:112} WARNING - /home/***/.local/lib/python3.12/site-packages/***/task/task_runner/standard_task_runner.py:61: DeprecationWarning: This process (pid=74) is multi-threaded, use of fork() may lead to deadlocks in the child.
  pid = os.fork()

[2024-09-11T13:24:22.932+0000] {standard_task_runner.py:63} INFO - Started process 76 to run task
[2024-09-11T13:24:22.932+0000] {standard_task_runner.py:90} INFO - Running: ['***', 'tasks', 'run', 'cryptocurrencies_etl', 'create_table_task', 'scheduled__2024-09-10T00:00:00+00:00', '--job-id', '4', '--raw', '--subdir', 'DAGS_FOLDER/dag_etl.py', '--cfg-path', '/tmp/tmp8er4ipza']
[2024-09-11T13:24:22.934+0000] {standard_task_runner.py:91} INFO - Job 4: Subtask create_table_task
[2024-09-11T13:24:22.975+0000] {task_command.py:426} INFO - Running <TaskInstance: cryptocurrencies_etl.create_table_task scheduled__2024-09-10T00:00:00+00:00 [running]> on host b7a81c69971f
[2024-09-11T13:24:23.056+0000] {taskinstance.py:2648} INFO - Exporting env vars: AIRFLOW_CTX_DAG_OWNER='***' AIRFLOW_CTX_DAG_ID='cryptocurrencies_etl' AIRFLOW_CTX_TASK_ID='create_table_task' AIRFLOW_CTX_EXECUTION_DATE='2024-09-10T00:00:00+00:00' AIRFLOW_CTX_TRY_NUMBER='1' AIRFLOW_CTX_DAG_RUN_ID='scheduled__2024-09-10T00:00:00+00:00'
[2024-09-11T13:24:23.057+0000] {taskinstance.py:430} INFO - ::endgroup::
[2024-09-11T13:24:23.369+0000] {logging_mixin.py:188} INFO - Table gianni_ev93_coderhouse.coinmarketcap is ready
[2024-09-11T13:24:23.369+0000] {python.py:237} INFO - Done. Returned value was: None
[2024-09-11T13:24:23.370+0000] {taskinstance.py:441} INFO - ::group::Post task execution logs
[2024-09-11T13:24:23.378+0000] {taskinstance.py:1206} INFO - Marking task as SUCCESS. dag_id=cryptocurrencies_etl, task_id=create_table_task, run_id=scheduled__2024-09-10T00:00:00+00:00, execution_date=20240910T000000, start_date=20240911T132422, end_date=20240911T132423
[2024-09-11T13:24:23.426+0000] {local_task_job_runner.py:240} INFO - Task exited with return code 0
[2024-09-11T13:24:23.436+0000] {local_task_job_runner.py:222} INFO - ::endgroup::
[2024-09-11T13:28:35.162+0000] {local_task_job_runner.py:120} INFO - ::group::Pre task execution logs
[2024-09-11T13:28:35.305+0000] {taskinstance.py:2076} INFO - Dependencies all met for dep_context=non-requeueable deps ti=<TaskInstance: cryptocurrencies_etl.create_table_task scheduled__2024-09-10T00:00:00+00:00 [queued]>
[2024-09-11T13:28:35.311+0000] {taskinstance.py:2076} INFO - Dependencies all met for dep_context=requeueable deps ti=<TaskInstance: cryptocurrencies_etl.create_table_task scheduled__2024-09-10T00:00:00+00:00 [queued]>
[2024-09-11T13:28:35.311+0000] {taskinstance.py:2306} INFO - Starting attempt 1 of 2
[2024-09-11T13:28:35.327+0000] {taskinstance.py:2330} INFO - Executing <Task(PythonOperator): create_table_task> on 2024-09-10 00:00:00+00:00
[2024-09-11T13:28:35.335+0000] {warnings.py:112} WARNING - /home/***/.local/lib/python3.12/site-packages/***/task/task_runner/standard_task_runner.py:61: DeprecationWarning: This process (pid=75) is multi-threaded, use of fork() may lead to deadlocks in the child.
  pid = os.fork()

[2024-09-11T13:28:35.337+0000] {standard_task_runner.py:63} INFO - Started process 77 to run task
[2024-09-11T13:28:35.337+0000] {standard_task_runner.py:90} INFO - Running: ['***', 'tasks', 'run', 'cryptocurrencies_etl', 'create_table_task', 'scheduled__2024-09-10T00:00:00+00:00', '--job-id', '4', '--raw', '--subdir', 'DAGS_FOLDER/dag_etl.py', '--cfg-path', '/tmp/tmpcet8658l']
[2024-09-11T13:28:35.339+0000] {standard_task_runner.py:91} INFO - Job 4: Subtask create_table_task
[2024-09-11T13:28:35.376+0000] {task_command.py:426} INFO - Running <TaskInstance: cryptocurrencies_etl.create_table_task scheduled__2024-09-10T00:00:00+00:00 [running]> on host 443ebfefdf45
[2024-09-11T13:28:35.452+0000] {taskinstance.py:2648} INFO - Exporting env vars: AIRFLOW_CTX_DAG_OWNER='***' AIRFLOW_CTX_DAG_ID='cryptocurrencies_etl' AIRFLOW_CTX_TASK_ID='create_table_task' AIRFLOW_CTX_EXECUTION_DATE='2024-09-10T00:00:00+00:00' AIRFLOW_CTX_TRY_NUMBER='1' AIRFLOW_CTX_DAG_RUN_ID='scheduled__2024-09-10T00:00:00+00:00'
[2024-09-11T13:28:35.453+0000] {taskinstance.py:430} INFO - ::endgroup::
[2024-09-11T13:28:35.773+0000] {logging_mixin.py:188} INFO - Table gianni_ev93_coderhouse.coinmarketcap is ready
[2024-09-11T13:28:35.774+0000] {python.py:237} INFO - Done. Returned value was: None
[2024-09-11T13:28:35.774+0000] {taskinstance.py:441} INFO - ::group::Post task execution logs
[2024-09-11T13:28:35.782+0000] {taskinstance.py:1206} INFO - Marking task as SUCCESS. dag_id=cryptocurrencies_etl, task_id=create_table_task, run_id=scheduled__2024-09-10T00:00:00+00:00, execution_date=20240910T000000, start_date=20240911T132835, end_date=20240911T132835
[2024-09-11T13:28:35.831+0000] {local_task_job_runner.py:240} INFO - Task exited with return code 0
[2024-09-11T13:28:35.839+0000] {local_task_job_runner.py:222} INFO - ::endgroup::
[2024-09-11T13:36:57.449+0000] {local_task_job_runner.py:120} INFO - ::group::Pre task execution logs
[2024-09-11T13:36:57.790+0000] {taskinstance.py:2076} INFO - Dependencies all met for dep_context=non-requeueable deps ti=<TaskInstance: cryptocurrencies_etl.create_table_task scheduled__2024-09-10T00:00:00+00:00 [queued]>
[2024-09-11T13:36:57.813+0000] {taskinstance.py:2076} INFO - Dependencies all met for dep_context=requeueable deps ti=<TaskInstance: cryptocurrencies_etl.create_table_task scheduled__2024-09-10T00:00:00+00:00 [queued]>
[2024-09-11T13:36:57.814+0000] {taskinstance.py:2306} INFO - Starting attempt 1 of 2
[2024-09-11T13:36:57.842+0000] {taskinstance.py:2330} INFO - Executing <Task(PythonOperator): create_table_task> on 2024-09-10 00:00:00+00:00
[2024-09-11T13:36:57.862+0000] {warnings.py:112} WARNING - /home/***/.local/lib/python3.12/site-packages/***/task/task_runner/standard_task_runner.py:61: DeprecationWarning: This process (pid=75) is multi-threaded, use of fork() may lead to deadlocks in the child.
  pid = os.fork()

[2024-09-11T13:36:57.859+0000] {standard_task_runner.py:90} INFO - Running: ['***', 'tasks', 'run', 'cryptocurrencies_etl', 'create_table_task', 'scheduled__2024-09-10T00:00:00+00:00', '--job-id', '6', '--raw', '--subdir', 'DAGS_FOLDER/dag_etl.py', '--cfg-path', '/tmp/tmp6iv4ewcp']
[2024-09-11T13:36:57.880+0000] {standard_task_runner.py:91} INFO - Job 6: Subtask create_table_task
[2024-09-11T13:36:57.878+0000] {standard_task_runner.py:63} INFO - Started process 78 to run task
[2024-09-11T13:36:58.143+0000] {task_command.py:426} INFO - Running <TaskInstance: cryptocurrencies_etl.create_table_task scheduled__2024-09-10T00:00:00+00:00 [running]> on host 44e7a3c0e0e8
[2024-09-11T13:36:58.355+0000] {taskinstance.py:2648} INFO - Exporting env vars: AIRFLOW_CTX_DAG_OWNER='***' AIRFLOW_CTX_DAG_ID='cryptocurrencies_etl' AIRFLOW_CTX_TASK_ID='create_table_task' AIRFLOW_CTX_EXECUTION_DATE='2024-09-10T00:00:00+00:00' AIRFLOW_CTX_TRY_NUMBER='1' AIRFLOW_CTX_DAG_RUN_ID='scheduled__2024-09-10T00:00:00+00:00'
[2024-09-11T13:36:58.356+0000] {taskinstance.py:430} INFO - ::endgroup::
[2024-09-11T13:36:58.700+0000] {logging_mixin.py:188} INFO - Table gianni_ev93_coderhouse.coinmarketcap is ready
[2024-09-11T13:36:58.701+0000] {python.py:237} INFO - Done. Returned value was: None
[2024-09-11T13:36:58.702+0000] {taskinstance.py:441} INFO - ::group::Post task execution logs
[2024-09-11T13:36:58.712+0000] {taskinstance.py:1206} INFO - Marking task as SUCCESS. dag_id=cryptocurrencies_etl, task_id=create_table_task, run_id=scheduled__2024-09-10T00:00:00+00:00, execution_date=20240910T000000, start_date=20240911T133657, end_date=20240911T133658
[2024-09-11T13:36:58.765+0000] {local_task_job_runner.py:240} INFO - Task exited with return code 0
[2024-09-11T13:36:58.781+0000] {local_task_job_runner.py:222} INFO - ::endgroup::
[2024-09-11T13:44:21.030+0000] {local_task_job_runner.py:120} INFO - ::group::Pre task execution logs
[2024-09-11T13:44:21.172+0000] {taskinstance.py:2076} INFO - Dependencies all met for dep_context=non-requeueable deps ti=<TaskInstance: cryptocurrencies_etl.create_table_task scheduled__2024-09-10T00:00:00+00:00 [queued]>
[2024-09-11T13:44:21.178+0000] {taskinstance.py:2076} INFO - Dependencies all met for dep_context=requeueable deps ti=<TaskInstance: cryptocurrencies_etl.create_table_task scheduled__2024-09-10T00:00:00+00:00 [queued]>
[2024-09-11T13:44:21.179+0000] {taskinstance.py:2306} INFO - Starting attempt 1 of 2
[2024-09-11T13:44:21.192+0000] {taskinstance.py:2330} INFO - Executing <Task(PythonOperator): create_table_task> on 2024-09-10 00:00:00+00:00
[2024-09-11T13:44:21.200+0000] {warnings.py:112} WARNING - /home/***/.local/lib/python3.12/site-packages/***/task/task_runner/standard_task_runner.py:61: DeprecationWarning: This process (pid=75) is multi-threaded, use of fork() may lead to deadlocks in the child.
  pid = os.fork()

[2024-09-11T13:44:21.202+0000] {standard_task_runner.py:63} INFO - Started process 77 to run task
[2024-09-11T13:44:21.202+0000] {standard_task_runner.py:90} INFO - Running: ['***', 'tasks', 'run', 'cryptocurrencies_etl', 'create_table_task', 'scheduled__2024-09-10T00:00:00+00:00', '--job-id', '4', '--raw', '--subdir', 'DAGS_FOLDER/dag_etl.py', '--cfg-path', '/tmp/tmpcm82alsb']
[2024-09-11T13:44:21.204+0000] {standard_task_runner.py:91} INFO - Job 4: Subtask create_table_task
[2024-09-11T13:44:21.246+0000] {task_command.py:426} INFO - Running <TaskInstance: cryptocurrencies_etl.create_table_task scheduled__2024-09-10T00:00:00+00:00 [running]> on host 7e18285eb522
[2024-09-11T13:44:21.318+0000] {taskinstance.py:2648} INFO - Exporting env vars: AIRFLOW_CTX_DAG_OWNER='***' AIRFLOW_CTX_DAG_ID='cryptocurrencies_etl' AIRFLOW_CTX_TASK_ID='create_table_task' AIRFLOW_CTX_EXECUTION_DATE='2024-09-10T00:00:00+00:00' AIRFLOW_CTX_TRY_NUMBER='1' AIRFLOW_CTX_DAG_RUN_ID='scheduled__2024-09-10T00:00:00+00:00'
[2024-09-11T13:44:21.319+0000] {taskinstance.py:430} INFO - ::endgroup::
[2024-09-11T13:44:21.773+0000] {logging_mixin.py:188} INFO - Table gianni_ev93_coderhouse.coinmarketcap is ready
[2024-09-11T13:44:21.773+0000] {python.py:237} INFO - Done. Returned value was: None
[2024-09-11T13:44:21.773+0000] {taskinstance.py:441} INFO - ::group::Post task execution logs
[2024-09-11T13:44:21.781+0000] {taskinstance.py:1206} INFO - Marking task as SUCCESS. dag_id=cryptocurrencies_etl, task_id=create_table_task, run_id=scheduled__2024-09-10T00:00:00+00:00, execution_date=20240910T000000, start_date=20240911T134421, end_date=20240911T134421
[2024-09-11T13:44:21.823+0000] {local_task_job_runner.py:240} INFO - Task exited with return code 0
[2024-09-11T13:44:21.832+0000] {local_task_job_runner.py:222} INFO - ::endgroup::
[2024-09-11T13:50:24.063+0000] {local_task_job_runner.py:120} INFO - ::group::Pre task execution logs
[2024-09-11T13:50:24.082+0000] {taskinstance.py:2076} INFO - Dependencies all met for dep_context=non-requeueable deps ti=<TaskInstance: cryptocurrencies_etl.create_table_task scheduled__2024-09-10T00:00:00+00:00 [queued]>
[2024-09-11T13:50:24.088+0000] {taskinstance.py:2076} INFO - Dependencies all met for dep_context=requeueable deps ti=<TaskInstance: cryptocurrencies_etl.create_table_task scheduled__2024-09-10T00:00:00+00:00 [queued]>
[2024-09-11T13:50:24.088+0000] {taskinstance.py:2306} INFO - Starting attempt 1 of 2
[2024-09-11T13:50:24.231+0000] {taskinstance.py:2330} INFO - Executing <Task(PythonOperator): create_table_task> on 2024-09-10 00:00:00+00:00
[2024-09-11T13:50:24.239+0000] {warnings.py:112} WARNING - /home/***/.local/lib/python3.12/site-packages/***/task/task_runner/standard_task_runner.py:61: DeprecationWarning: This process (pid=76) is multi-threaded, use of fork() may lead to deadlocks in the child.
  pid = os.fork()

[2024-09-11T13:50:24.241+0000] {standard_task_runner.py:63} INFO - Started process 78 to run task
[2024-09-11T13:50:24.242+0000] {standard_task_runner.py:90} INFO - Running: ['***', 'tasks', 'run', 'cryptocurrencies_etl', 'create_table_task', 'scheduled__2024-09-10T00:00:00+00:00', '--job-id', '4', '--raw', '--subdir', 'DAGS_FOLDER/dag_etl.py', '--cfg-path', '/tmp/tmp_puw072w']
[2024-09-11T13:50:24.243+0000] {standard_task_runner.py:91} INFO - Job 4: Subtask create_table_task
[2024-09-11T13:50:24.282+0000] {task_command.py:426} INFO - Running <TaskInstance: cryptocurrencies_etl.create_table_task scheduled__2024-09-10T00:00:00+00:00 [running]> on host 6014aebf3699
[2024-09-11T13:50:24.356+0000] {taskinstance.py:2648} INFO - Exporting env vars: AIRFLOW_CTX_DAG_OWNER='***' AIRFLOW_CTX_DAG_ID='cryptocurrencies_etl' AIRFLOW_CTX_TASK_ID='create_table_task' AIRFLOW_CTX_EXECUTION_DATE='2024-09-10T00:00:00+00:00' AIRFLOW_CTX_TRY_NUMBER='1' AIRFLOW_CTX_DAG_RUN_ID='scheduled__2024-09-10T00:00:00+00:00'
[2024-09-11T13:50:24.357+0000] {taskinstance.py:430} INFO - ::endgroup::
[2024-09-11T13:50:24.736+0000] {logging_mixin.py:188} INFO - Table gianni_ev93_coderhouse.coinmarketcap is ready
[2024-09-11T13:50:24.737+0000] {python.py:237} INFO - Done. Returned value was: None
[2024-09-11T13:50:24.737+0000] {taskinstance.py:441} INFO - ::group::Post task execution logs
[2024-09-11T13:50:24.745+0000] {taskinstance.py:1206} INFO - Marking task as SUCCESS. dag_id=cryptocurrencies_etl, task_id=create_table_task, run_id=scheduled__2024-09-10T00:00:00+00:00, execution_date=20240910T000000, start_date=20240911T135024, end_date=20240911T135024
[2024-09-11T13:50:24.777+0000] {local_task_job_runner.py:240} INFO - Task exited with return code 0
[2024-09-11T13:50:24.786+0000] {local_task_job_runner.py:222} INFO - ::endgroup::
[2024-09-11T13:58:06.734+0000] {local_task_job_runner.py:120} INFO - ::group::Pre task execution logs
[2024-09-11T13:58:06.927+0000] {taskinstance.py:2076} INFO - Dependencies all met for dep_context=non-requeueable deps ti=<TaskInstance: cryptocurrencies_etl.create_table_task scheduled__2024-09-10T00:00:00+00:00 [queued]>
[2024-09-11T13:58:06.942+0000] {taskinstance.py:2076} INFO - Dependencies all met for dep_context=requeueable deps ti=<TaskInstance: cryptocurrencies_etl.create_table_task scheduled__2024-09-10T00:00:00+00:00 [queued]>
[2024-09-11T13:58:06.942+0000] {taskinstance.py:2306} INFO - Starting attempt 1 of 2
[2024-09-11T13:58:06.968+0000] {taskinstance.py:2330} INFO - Executing <Task(PythonOperator): create_table_task> on 2024-09-10 00:00:00+00:00
[2024-09-11T13:58:06.976+0000] {warnings.py:112} WARNING - /home/***/.local/lib/python3.12/site-packages/***/task/task_runner/standard_task_runner.py:61: DeprecationWarning: This process (pid=75) is multi-threaded, use of fork() may lead to deadlocks in the child.
  pid = os.fork()

[2024-09-11T13:58:06.978+0000] {standard_task_runner.py:63} INFO - Started process 77 to run task
[2024-09-11T13:58:06.978+0000] {standard_task_runner.py:90} INFO - Running: ['***', 'tasks', 'run', 'cryptocurrencies_etl', 'create_table_task', 'scheduled__2024-09-10T00:00:00+00:00', '--job-id', '4', '--raw', '--subdir', 'DAGS_FOLDER/dag_etl.py', '--cfg-path', '/tmp/tmp_1tm9kyi']
[2024-09-11T13:58:06.980+0000] {standard_task_runner.py:91} INFO - Job 4: Subtask create_table_task
[2024-09-11T13:58:07.017+0000] {task_command.py:426} INFO - Running <TaskInstance: cryptocurrencies_etl.create_table_task scheduled__2024-09-10T00:00:00+00:00 [running]> on host 75b3ed543dda
[2024-09-11T13:58:07.101+0000] {taskinstance.py:2648} INFO - Exporting env vars: AIRFLOW_CTX_DAG_OWNER='***' AIRFLOW_CTX_DAG_ID='cryptocurrencies_etl' AIRFLOW_CTX_TASK_ID='create_table_task' AIRFLOW_CTX_EXECUTION_DATE='2024-09-10T00:00:00+00:00' AIRFLOW_CTX_TRY_NUMBER='1' AIRFLOW_CTX_DAG_RUN_ID='scheduled__2024-09-10T00:00:00+00:00'
[2024-09-11T13:58:07.104+0000] {taskinstance.py:430} INFO - ::endgroup::
[2024-09-11T13:58:07.545+0000] {logging_mixin.py:188} INFO - Table gianni_ev93_coderhouse.coinmarketcap is ready
[2024-09-11T13:58:07.546+0000] {python.py:237} INFO - Done. Returned value was: None
[2024-09-11T13:58:07.546+0000] {taskinstance.py:441} INFO - ::group::Post task execution logs
[2024-09-11T13:58:07.554+0000] {taskinstance.py:1206} INFO - Marking task as SUCCESS. dag_id=cryptocurrencies_etl, task_id=create_table_task, run_id=scheduled__2024-09-10T00:00:00+00:00, execution_date=20240910T000000, start_date=20240911T135806, end_date=20240911T135807
[2024-09-11T13:58:07.604+0000] {local_task_job_runner.py:240} INFO - Task exited with return code 0
[2024-09-11T13:58:07.613+0000] {local_task_job_runner.py:222} INFO - ::endgroup::
[2024-09-11T14:19:12.105+0000] {local_task_job_runner.py:120} INFO - ::group::Pre task execution logs
[2024-09-11T14:19:12.131+0000] {taskinstance.py:2076} INFO - Dependencies all met for dep_context=non-requeueable deps ti=<TaskInstance: cryptocurrencies_etl.create_table_task scheduled__2024-09-10T00:00:00+00:00 [queued]>
[2024-09-11T14:19:12.139+0000] {taskinstance.py:2076} INFO - Dependencies all met for dep_context=requeueable deps ti=<TaskInstance: cryptocurrencies_etl.create_table_task scheduled__2024-09-10T00:00:00+00:00 [queued]>
[2024-09-11T14:19:12.140+0000] {taskinstance.py:2306} INFO - Starting attempt 1 of 2
[2024-09-11T14:19:12.314+0000] {taskinstance.py:2330} INFO - Executing <Task(PythonOperator): create_table_task> on 2024-09-10 00:00:00+00:00
[2024-09-11T14:19:12.327+0000] {warnings.py:112} WARNING - /home/***/.local/lib/python3.12/site-packages/***/task/task_runner/standard_task_runner.py:61: DeprecationWarning: This process (pid=74) is multi-threaded, use of fork() may lead to deadlocks in the child.
  pid = os.fork()

[2024-09-11T14:19:12.329+0000] {standard_task_runner.py:63} INFO - Started process 76 to run task
[2024-09-11T14:19:12.334+0000] {standard_task_runner.py:90} INFO - Running: ['***', 'tasks', 'run', 'cryptocurrencies_etl', 'create_table_task', 'scheduled__2024-09-10T00:00:00+00:00', '--job-id', '4', '--raw', '--subdir', 'DAGS_FOLDER/dag_etl.py', '--cfg-path', '/tmp/tmpwqwoz79y']
[2024-09-11T14:19:12.336+0000] {standard_task_runner.py:91} INFO - Job 4: Subtask create_table_task
[2024-09-11T14:19:12.400+0000] {task_command.py:426} INFO - Running <TaskInstance: cryptocurrencies_etl.create_table_task scheduled__2024-09-10T00:00:00+00:00 [running]> on host 78c76c01cd49
[2024-09-11T14:19:12.477+0000] {taskinstance.py:2648} INFO - Exporting env vars: AIRFLOW_CTX_DAG_OWNER='***' AIRFLOW_CTX_DAG_ID='cryptocurrencies_etl' AIRFLOW_CTX_TASK_ID='create_table_task' AIRFLOW_CTX_EXECUTION_DATE='2024-09-10T00:00:00+00:00' AIRFLOW_CTX_TRY_NUMBER='1' AIRFLOW_CTX_DAG_RUN_ID='scheduled__2024-09-10T00:00:00+00:00'
[2024-09-11T14:19:12.478+0000] {taskinstance.py:430} INFO - ::endgroup::
[2024-09-11T14:19:12.823+0000] {logging_mixin.py:188} INFO - Table gianni_ev93_coderhouse.coinmarketcap is ready
[2024-09-11T14:19:12.824+0000] {python.py:237} INFO - Done. Returned value was: None
[2024-09-11T14:19:12.824+0000] {taskinstance.py:441} INFO - ::group::Post task execution logs
[2024-09-11T14:19:12.832+0000] {taskinstance.py:1206} INFO - Marking task as SUCCESS. dag_id=cryptocurrencies_etl, task_id=create_table_task, run_id=scheduled__2024-09-10T00:00:00+00:00, execution_date=20240910T000000, start_date=20240911T141912, end_date=20240911T141912
[2024-09-11T14:19:12.911+0000] {local_task_job_runner.py:240} INFO - Task exited with return code 0
[2024-09-11T14:19:12.920+0000] {local_task_job_runner.py:222} INFO - ::endgroup::
[2024-09-11T14:35:28.473+0000] {local_task_job_runner.py:120} INFO - ::group::Pre task execution logs
[2024-09-11T14:35:28.719+0000] {taskinstance.py:2076} INFO - Dependencies all met for dep_context=non-requeueable deps ti=<TaskInstance: cryptocurrencies_etl.create_table_task scheduled__2024-09-10T00:00:00+00:00 [queued]>
[2024-09-11T14:35:28.725+0000] {taskinstance.py:2076} INFO - Dependencies all met for dep_context=requeueable deps ti=<TaskInstance: cryptocurrencies_etl.create_table_task scheduled__2024-09-10T00:00:00+00:00 [queued]>
[2024-09-11T14:35:28.725+0000] {taskinstance.py:2306} INFO - Starting attempt 1 of 2
[2024-09-11T14:35:28.746+0000] {taskinstance.py:2330} INFO - Executing <Task(PythonOperator): create_table_task> on 2024-09-10 00:00:00+00:00
[2024-09-11T14:35:28.755+0000] {warnings.py:112} WARNING - /home/***/.local/lib/python3.12/site-packages/***/task/task_runner/standard_task_runner.py:61: DeprecationWarning: This process (pid=74) is multi-threaded, use of fork() may lead to deadlocks in the child.
  pid = os.fork()

[2024-09-11T14:35:28.756+0000] {standard_task_runner.py:63} INFO - Started process 76 to run task
[2024-09-11T14:35:28.760+0000] {standard_task_runner.py:90} INFO - Running: ['***', 'tasks', 'run', 'cryptocurrencies_etl', 'create_table_task', 'scheduled__2024-09-10T00:00:00+00:00', '--job-id', '4', '--raw', '--subdir', 'DAGS_FOLDER/dag_etl.py', '--cfg-path', '/tmp/tmpzjupwd2n']
[2024-09-11T14:35:28.762+0000] {standard_task_runner.py:91} INFO - Job 4: Subtask create_table_task
[2024-09-11T14:35:28.805+0000] {task_command.py:426} INFO - Running <TaskInstance: cryptocurrencies_etl.create_table_task scheduled__2024-09-10T00:00:00+00:00 [running]> on host 292babb3e570
[2024-09-11T14:35:28.887+0000] {taskinstance.py:2648} INFO - Exporting env vars: AIRFLOW_CTX_DAG_OWNER='***' AIRFLOW_CTX_DAG_ID='cryptocurrencies_etl' AIRFLOW_CTX_TASK_ID='create_table_task' AIRFLOW_CTX_EXECUTION_DATE='2024-09-10T00:00:00+00:00' AIRFLOW_CTX_TRY_NUMBER='1' AIRFLOW_CTX_DAG_RUN_ID='scheduled__2024-09-10T00:00:00+00:00'
[2024-09-11T14:35:28.888+0000] {taskinstance.py:430} INFO - ::endgroup::
[2024-09-11T14:35:29.265+0000] {logging_mixin.py:188} INFO - Table gianni_ev93_coderhouse.coinmarketcap is ready
[2024-09-11T14:35:29.266+0000] {python.py:237} INFO - Done. Returned value was: None
[2024-09-11T14:35:29.266+0000] {taskinstance.py:441} INFO - ::group::Post task execution logs
[2024-09-11T14:35:29.274+0000] {taskinstance.py:1206} INFO - Marking task as SUCCESS. dag_id=cryptocurrencies_etl, task_id=create_table_task, run_id=scheduled__2024-09-10T00:00:00+00:00, execution_date=20240910T000000, start_date=20240911T143528, end_date=20240911T143529
[2024-09-11T14:35:29.298+0000] {local_task_job_runner.py:240} INFO - Task exited with return code 0
[2024-09-11T14:35:29.306+0000] {local_task_job_runner.py:222} INFO - ::endgroup::
