[2024-09-11T12:14:57.176+0000] {local_task_job_runner.py:120} INFO - ::group::Pre task execution logs
[2024-09-11T12:14:57.204+0000] {taskinstance.py:2076} INFO - Dependencies all met for dep_context=non-requeueable deps ti=<TaskInstance: cryptocurrencies_etl.run_pipeline_task scheduled__2024-09-10T00:00:00+00:00 [queued]>
[2024-09-11T12:14:57.212+0000] {taskinstance.py:2076} INFO - Dependencies all met for dep_context=requeueable deps ti=<TaskInstance: cryptocurrencies_etl.run_pipeline_task scheduled__2024-09-10T00:00:00+00:00 [queued]>
[2024-09-11T12:14:57.212+0000] {taskinstance.py:2306} INFO - Starting attempt 2 of 2
[2024-09-11T12:14:57.399+0000] {taskinstance.py:2330} INFO - Executing <Task(PythonOperator): run_pipeline_task> on 2024-09-10 00:00:00+00:00
[2024-09-11T12:14:57.407+0000] {warnings.py:112} WARNING - /home/***/.local/lib/python3.12/site-packages/***/task/task_runner/standard_task_runner.py:61: DeprecationWarning: This process (pid=56) is multi-threaded, use of fork() may lead to deadlocks in the child.
  pid = os.fork()

[2024-09-11T12:14:57.409+0000] {standard_task_runner.py:63} INFO - Started process 59 to run task
[2024-09-11T12:14:57.413+0000] {standard_task_runner.py:90} INFO - Running: ['***', 'tasks', 'run', 'cryptocurrencies_etl', 'run_pipeline_task', 'scheduled__2024-09-10T00:00:00+00:00', '--job-id', '16', '--raw', '--subdir', 'DAGS_FOLDER/dag_etl.py', '--cfg-path', '/tmp/tmpy29spwz_']
[2024-09-11T12:14:57.415+0000] {standard_task_runner.py:91} INFO - Job 16: Subtask run_pipeline_task
[2024-09-11T12:14:57.510+0000] {task_command.py:426} INFO - Running <TaskInstance: cryptocurrencies_etl.run_pipeline_task scheduled__2024-09-10T00:00:00+00:00 [running]> on host e90ab63fed78
[2024-09-11T12:14:57.677+0000] {taskinstance.py:2648} INFO - Exporting env vars: AIRFLOW_CTX_DAG_OWNER='***' AIRFLOW_CTX_DAG_ID='cryptocurrencies_etl' AIRFLOW_CTX_TASK_ID='run_pipeline_task' AIRFLOW_CTX_EXECUTION_DATE='2024-09-10T00:00:00+00:00' AIRFLOW_CTX_TRY_NUMBER='2' AIRFLOW_CTX_DAG_RUN_ID='scheduled__2024-09-10T00:00:00+00:00'
[2024-09-11T12:14:57.679+0000] {taskinstance.py:430} INFO - ::endgroup::
[2024-09-11T12:14:58.747+0000] {logging_mixin.py:188} INFO - La Api me extrae un total de filas de: 5000
[2024-09-11T12:14:58.756+0000] {logging_mixin.py:188} INFO -      id         name symbol  marketcap         price     volume_24
0     1      Bitcoin    BTC        NaN  56784.684520  3.161753e+10
1  1027     Ethereum    ETH        NaN   2326.299791  1.352235e+10
2   825  Tether USDt   USDT        NaN      0.999974  4.758907e+10
3  1839          BNB    BNB        NaN    515.716881  1.454446e+09
4  5426       Solana    SOL        NaN    131.853067  1.878442e+09
[2024-09-11T12:14:58.765+0000] {python.py:237} INFO - Done. Returned value was:          id              name  ...         price     volume_24
0         1           Bitcoin  ...  56784.684520  3.161753e+10
1      1027          Ethereum  ...   2326.299791  1.352235e+10
2       825       Tether USDt  ...      0.999974  4.758907e+10
3      1839               BNB  ...    515.716881  1.454446e+09
4      5426            Solana  ...    131.853067  1.878442e+09
...     ...               ...  ...           ...           ...
1995  15388             RIZON  ...      0.000180  1.790854e+02
1996   6992  Spartan Protocol  ...      0.004536  5.389809e+03
1997   8797         Chronicle  ...      0.008519  1.448541e+05
1998  15447              Lyra  ...      0.000704  4.763375e+00
1999  15889    Metaverse Face  ...      0.000043  5.427559e+03

[2000 rows x 6 columns]
[2024-09-11T12:14:58.788+0000] {taskinstance.py:441} INFO - ::group::Post task execution logs
[2024-09-11T12:14:58.996+0000] {taskinstance.py:1206} INFO - Marking task as SUCCESS. dag_id=cryptocurrencies_etl, task_id=run_pipeline_task, run_id=scheduled__2024-09-10T00:00:00+00:00, execution_date=20240910T000000, start_date=20240911T121457, end_date=20240911T121458
[2024-09-11T12:14:59.048+0000] {local_task_job_runner.py:240} INFO - Task exited with return code 0
[2024-09-11T12:14:59.071+0000] {local_task_job_runner.py:222} INFO - ::endgroup::
