[2024-09-11T12:55:25.408+0000] {local_task_job_runner.py:120} INFO - ::group::Pre task execution logs
[2024-09-11T12:55:25.460+0000] {taskinstance.py:2076} INFO - Dependencies all met for dep_context=non-requeueable deps ti=<TaskInstance: cryptocurrencies_etl.run_pipeline_task manual__2024-09-11T12:55:20.868834+00:00 [queued]>
[2024-09-11T12:55:25.474+0000] {taskinstance.py:2076} INFO - Dependencies all met for dep_context=requeueable deps ti=<TaskInstance: cryptocurrencies_etl.run_pipeline_task manual__2024-09-11T12:55:20.868834+00:00 [queued]>
[2024-09-11T12:55:25.475+0000] {taskinstance.py:2306} INFO - Starting attempt 1 of 2
[2024-09-11T12:55:25.515+0000] {taskinstance.py:2330} INFO - Executing <Task(PythonOperator): run_pipeline_task> on 2024-09-11 12:55:20.868834+00:00
[2024-09-11T12:55:25.531+0000] {warnings.py:112} WARNING - /home/***/.local/lib/python3.12/site-packages/***/task/task_runner/standard_task_runner.py:61: DeprecationWarning: This process (pid=71) is multi-threaded, use of fork() may lead to deadlocks in the child.
  pid = os.fork()

[2024-09-11T12:55:25.533+0000] {standard_task_runner.py:63} INFO - Started process 75 to run task
[2024-09-11T12:55:25.538+0000] {standard_task_runner.py:90} INFO - Running: ['***', 'tasks', 'run', 'cryptocurrencies_etl', 'run_pipeline_task', 'manual__2024-09-11T12:55:20.868834+00:00', '--job-id', '4', '--raw', '--subdir', 'DAGS_FOLDER/dag_etl.py', '--cfg-path', '/tmp/tmp6re_mujl']
[2024-09-11T12:55:25.541+0000] {standard_task_runner.py:91} INFO - Job 4: Subtask run_pipeline_task
[2024-09-11T12:55:25.620+0000] {task_command.py:426} INFO - Running <TaskInstance: cryptocurrencies_etl.run_pipeline_task manual__2024-09-11T12:55:20.868834+00:00 [running]> on host 45283a8215a9
[2024-09-11T12:55:25.812+0000] {taskinstance.py:2648} INFO - Exporting env vars: AIRFLOW_CTX_DAG_OWNER='***' AIRFLOW_CTX_DAG_ID='cryptocurrencies_etl' AIRFLOW_CTX_TASK_ID='run_pipeline_task' AIRFLOW_CTX_EXECUTION_DATE='2024-09-11T12:55:20.868834+00:00' AIRFLOW_CTX_TRY_NUMBER='1' AIRFLOW_CTX_DAG_RUN_ID='manual__2024-09-11T12:55:20.868834+00:00'
[2024-09-11T12:55:25.813+0000] {taskinstance.py:430} INFO - ::endgroup::
[2024-09-11T12:55:27.275+0000] {logging_mixin.py:188} INFO - La Api me extrae un total de filas de: 5000
[2024-09-11T12:55:27.284+0000] {logging_mixin.py:188} INFO -      id         name symbol  marketcap         price     volume_24
0     1      Bitcoin    BTC        NaN  56543.180639  3.265499e+10
1  1027     Ethereum    ETH        NaN   2318.008764  1.387505e+10
2   825  Tether USDt   USDT        NaN      0.999853  4.873667e+10
3  1839          BNB    BNB        NaN    514.679103  1.467936e+09
4  5426       Solana    SOL        NaN    131.339663  1.936894e+09
[2024-09-11T12:55:27.292+0000] {python.py:237} INFO - Done. Returned value was:          id          name symbol     marketcap         price     volume_24
0         1       Bitcoin    BTC           NaN  56543.180639  3.265499e+10
1      1027      Ethereum    ETH           NaN   2318.008764  1.387505e+10
2       825   Tether USDt   USDT           NaN      0.999853  4.873667e+10
3      1839           BNB    BNB           NaN    514.679103  1.467936e+09
4      5426        Solana    SOL           NaN    131.339663  1.936894e+09
...     ...           ...    ...           ...           ...           ...
1995  15744         Prism  PRISM  1.317377e+06      0.000718  1.067636e+02
1996  28481         SELO+   SELO  4.143137e+05      0.006931  3.157668e+04
1997  28748         ZELIX  ZELIX           NaN      0.000061  6.281980e+05
1998   1107  PAC Protocol    PAC           NaN      0.000023  5.237966e+03
1999  31269        SolarX   SXCH           NaN      0.021895  1.296468e+06

[2000 rows x 6 columns]
[2024-09-11T12:55:27.314+0000] {taskinstance.py:441} INFO - ::group::Post task execution logs
[2024-09-11T12:55:27.368+0000] {taskinstance.py:1206} INFO - Marking task as SUCCESS. dag_id=cryptocurrencies_etl, task_id=run_pipeline_task, run_id=manual__2024-09-11T12:55:20.868834+00:00, execution_date=20240911T125520, start_date=20240911T125525, end_date=20240911T125527
[2024-09-11T12:55:27.416+0000] {local_task_job_runner.py:240} INFO - Task exited with return code 0
[2024-09-11T12:55:27.425+0000] {local_task_job_runner.py:222} INFO - ::endgroup::
