[2024-09-11T12:39:12.241+0000] {local_task_job_runner.py:120} INFO - ::group::Pre task execution logs
[2024-09-11T12:39:12.289+0000] {taskinstance.py:2076} INFO - Dependencies all met for dep_context=non-requeueable deps ti=<TaskInstance: cryptocurrencies_etl.run_pipeline_task manual__2024-09-11T12:39:04.614582+00:00 [queued]>
[2024-09-11T12:39:12.312+0000] {taskinstance.py:2076} INFO - Dependencies all met for dep_context=requeueable deps ti=<TaskInstance: cryptocurrencies_etl.run_pipeline_task manual__2024-09-11T12:39:04.614582+00:00 [queued]>
[2024-09-11T12:39:12.313+0000] {taskinstance.py:2306} INFO - Starting attempt 1 of 2
[2024-09-11T12:39:12.344+0000] {taskinstance.py:2330} INFO - Executing <Task(PythonOperator): run_pipeline_task> on 2024-09-11 12:39:04.614582+00:00
[2024-09-11T12:39:12.361+0000] {warnings.py:112} WARNING - /home/***/.local/lib/python3.12/site-packages/***/task/task_runner/standard_task_runner.py:61: DeprecationWarning: This process (pid=84) is multi-threaded, use of fork() may lead to deadlocks in the child.
  pid = os.fork()

[2024-09-11T12:39:12.364+0000] {standard_task_runner.py:63} INFO - Started process 95 to run task
[2024-09-11T12:39:12.375+0000] {standard_task_runner.py:90} INFO - Running: ['***', 'tasks', 'run', 'cryptocurrencies_etl', 'run_pipeline_task', 'manual__2024-09-11T12:39:04.614582+00:00', '--job-id', '3', '--raw', '--subdir', 'DAGS_FOLDER/dag_etl.py', '--cfg-path', '/tmp/tmprmt2upby']
[2024-09-11T12:39:12.383+0000] {standard_task_runner.py:91} INFO - Job 3: Subtask run_pipeline_task
[2024-09-11T12:39:12.461+0000] {task_command.py:426} INFO - Running <TaskInstance: cryptocurrencies_etl.run_pipeline_task manual__2024-09-11T12:39:04.614582+00:00 [running]> on host b3f1516421b9
[2024-09-11T12:39:12.616+0000] {taskinstance.py:2648} INFO - Exporting env vars: AIRFLOW_CTX_DAG_OWNER='***' AIRFLOW_CTX_DAG_ID='cryptocurrencies_etl' AIRFLOW_CTX_TASK_ID='run_pipeline_task' AIRFLOW_CTX_EXECUTION_DATE='2024-09-11T12:39:04.614582+00:00' AIRFLOW_CTX_TRY_NUMBER='1' AIRFLOW_CTX_DAG_RUN_ID='manual__2024-09-11T12:39:04.614582+00:00'
[2024-09-11T12:39:12.617+0000] {taskinstance.py:430} INFO - ::endgroup::
[2024-09-11T12:39:13.618+0000] {logging_mixin.py:188} INFO - La Api me extrae un total de filas de: 5000
[2024-09-11T12:39:13.666+0000] {logging_mixin.py:188} INFO -      id         name symbol  marketcap         price     volume_24
0     1      Bitcoin    BTC        NaN  56514.274777  3.219715e+10
1  1027     Ethereum    ETH        NaN   2322.830459  1.373820e+10
2   825  Tether USDt   USDT        NaN      1.000133  4.823371e+10
3  1839          BNB    BNB        NaN    516.123256  1.463453e+09
4  5426       Solana    SOL        NaN    132.095137  1.915157e+09
[2024-09-11T12:39:13.693+0000] {python.py:237} INFO - Done. Returned value was:          id            name symbol     marketcap         price     volume_24
0         1         Bitcoin    BTC           NaN  56514.274777  3.219715e+10
1      1027        Ethereum    ETH           NaN   2322.830459  1.373820e+10
2       825     Tether USDt   USDT           NaN      1.000133  4.823371e+10
3      1839             BNB    BNB           NaN    516.123256  1.463453e+09
4      5426          Solana    SOL           NaN    132.095137  1.915157e+09
...     ...             ...    ...           ...           ...           ...
1995  15388           RIZON  ATOLO           NaN      0.000180  1.644261e+02
1996  15744           Prism  PRISM  1.317377e+06      0.000718  1.067636e+02
1997  15447            Lyra   LYRA  4.585973e+04      0.000706  4.785143e+00
1998  31269          SolarX   SXCH           NaN      0.021902  1.297029e+06
1999  15889  Metaverse Face   MEFA  4.085434e+05      0.000043  5.421683e+03

[2000 rows x 6 columns]
[2024-09-11T12:39:13.732+0000] {taskinstance.py:441} INFO - ::group::Post task execution logs
[2024-09-11T12:39:13.922+0000] {taskinstance.py:1206} INFO - Marking task as SUCCESS. dag_id=cryptocurrencies_etl, task_id=run_pipeline_task, run_id=manual__2024-09-11T12:39:04.614582+00:00, execution_date=20240911T123904, start_date=20240911T123912, end_date=20240911T123913
[2024-09-11T12:39:14.002+0000] {local_task_job_runner.py:240} INFO - Task exited with return code 0
[2024-09-11T12:39:14.016+0000] {local_task_job_runner.py:222} INFO - ::endgroup::
